This is XeTeX, Version 3.14159265-2.6-0.999992 (TeX Live 2020/W32TeX) (preloaded format=xelatex 2020.12.18)  1 JAN 2023 13:26
entering extended mode
 restricted \write18 enabled.
 file:line:error style messages enabled.
 %&-line parsing enabled.
**"d:/学习/作品集/Mathematics/Notes for Mathematics"
(d:/学习/作品集/Mathematics/Notes for Mathematics.tex
LaTeX2e <2020-02-02> patch level 5
L3 programming layer <2020-03-06> (d:/texlive 2020/texlive/2020/texmf-dist/tex/latex/ctex/ctexart.cls (d:/texlive 2020/texlive/2020/texmf-dist/tex/latex/l3kernel/expl3.sty
Package: expl3 2020-03-06 L3 programming layer (loader) 
 (d:/texlive 2020/texlive/2020/texmf-dist/tex/latex/l3backend/l3backend-xdvipdfmx.def
File: l3backend-xdvipdfmx.def 2020-03-12 L3 backend support: xdvipdfmx
\g__graphics_track_int=\count163
\l__pdf_internal_box=\box45
\g__pdf_backend_object_int=\count164
\g__pdf_backend_annotation_int=\count165
))
Document Class: ctexart 2019/05/29 v2.4.16 Chinese adapter for class article (CTEX)
(d:/texlive 2020/texlive/2020/texmf-dist/tex/latex/l3packages/xparse/xparse.sty
Package: xparse 2020-03-06 L3 Experimental document command parser
\l__xparse_current_arg_int=\count166
\g__xparse_grabber_int=\count167
\l__xparse_m_args_int=\count168
\l__xparse_v_nesting_int=\count169
) (d:/texlive 2020/texlive/2020/texmf-dist/tex/latex/l3packages/l3keys2e/l3keys2e.sty
Package: l3keys2e 2020-03-06 LaTeX2e option processing using LaTeX3 keys
) (d:/texlive 2020/texlive/2020/texmf-dist/tex/latex/ctex/ctexhook.sty
Package: ctexhook 2019/05/29 v2.4.16 Document and package hooks (CTEX)
) (d:/texlive 2020/texlive/2020/texmf-dist/tex/latex/ctex/ctexpatch.sty
Package: ctexpatch 2019/05/29 v2.4.16 Patching commands (CTEX)
) (d:/texlive 2020/texlive/2020/texmf-dist/tex/latex/base/fix-cm.sty
Package: fix-cm 2015/01/14 v1.1t fixes to LaTeX
 (d:/texlive 2020/texlive/2020/texmf-dist/tex/latex/base/ts1enc.def
File: ts1enc.def 2001/06/05 v3.0e (jk/car/fm) Standard LaTeX file
LaTeX Font Info:    Redeclaring font encoding TS1 on input line 47.
)) (d:/texlive 2020/texlive/2020/texmf-dist/tex/latex/ms/everysel.sty
Package: everysel 2011/10/28 v1.2 EverySelectfont Package (MS)
)
\l__ctex_tmp_int=\count170
\l__ctex_tmp_box=\box46
\l__ctex_tmp_dim=\dimen134
\g__ctex_section_depth_int=\count171
\g__ctex_font_size_int=\count172
 (d:/texlive 2020/texlive/2020/texmf-dist/tex/latex/ctex/config/ctexopts.cfg
File: ctexopts.cfg 2019/05/29 v2.4.16 Option configuration file (CTEX)
) (d:/texlive 2020/texlive/2020/texmf-dist/tex/latex/base/article.cls
Document Class: article 2019/12/20 v1.4l Standard LaTeX document class
(d:/texlive 2020/texlive/2020/texmf-dist/tex/latex/base/size10.clo
File: size10.clo 2019/12/20 v1.4l Standard LaTeX file (size option)
)
\c@part=\count173
\c@section=\count174
\c@subsection=\count175
\c@subsubsection=\count176
\c@paragraph=\count177
\c@subparagraph=\count178
\c@figure=\count179
\c@table=\count180
\abovecaptionskip=\skip47
\belowcaptionskip=\skip48
\bibindent=\dimen135
) (d:/texlive 2020/texlive/2020/texmf-dist/tex/latex/ctex/engine/ctex-engine-xetex.def
File: ctex-engine-xetex.def 2019/05/29 v2.4.16 XeLaTeX adapter (CTEX)
 (d:/texlive 2020/texlive/2020/texmf-dist/tex/xelatex/xecjk/xeCJK.sty
Package: xeCJK 2020/02/18 v3.8.2 Typesetting CJK scripts with XeLaTeX
 (d:/texlive 2020/texlive/2020/texmf-dist/tex/latex/l3packages/xtemplate/xtemplate.sty
Package: xtemplate 2020-03-06 L3 Experimental prototype document functions
\l__xtemplate_tmp_dim=\dimen136
\l__xtemplate_tmp_int=\count181
\l__xtemplate_tmp_muskip=\muskip16
\l__xtemplate_tmp_skip=\skip49
)
\l__xeCJK_tmp_int=\count182
\l__xeCJK_tmp_box=\box47
\l__xeCJK_tmp_dim=\dimen137
\l__xeCJK_tmp_skip=\skip50
\g__xeCJK_space_factor_int=\count183
\l__xeCJK_begin_int=\count184
\l__xeCJK_end_int=\count185
\c__xeCJK_CJK_class_int=\XeTeXcharclass1
\c__xeCJK_FullLeft_class_int=\XeTeXcharclass2
\c__xeCJK_FullRight_class_int=\XeTeXcharclass3
\c__xeCJK_HalfLeft_class_int=\XeTeXcharclass4
\c__xeCJK_HalfRight_class_int=\XeTeXcharclass5
\c__xeCJK_NormalSpace_class_int=\XeTeXcharclass6
\c__xeCJK_CM_class_int=\XeTeXcharclass7
\c__xeCJK_HangulJamo_class_int=\XeTeXcharclass8
\l__xeCJK_last_skip=\skip51
\g__xeCJK_node_int=\count186
\c__xeCJK_CJK_node_dim=\dimen138
\c__xeCJK_CJK-space_node_dim=\dimen139
\c__xeCJK_default_node_dim=\dimen140
\c__xeCJK_default-space_node_dim=\dimen141
\c__xeCJK_CJK-widow_node_dim=\dimen142
\c__xeCJK_normalspace_node_dim=\dimen143
\l__xeCJK_ccglue_skip=\skip52
\l__xeCJK_ecglue_skip=\skip53
\l__xeCJK_punct_kern_skip=\skip54
\l__xeCJK_last_penalty_int=\count187
\l__xeCJK_last_bound_dim=\dimen144
\l__xeCJK_last_kern_dim=\dimen145
\l__xeCJK_widow_penalty_int=\count188

Package xtemplate Info: Declaring object type 'xeCJK/punctuation' taking 0
(xtemplate)             argument(s) on line 2302.

\l__xeCJK_fixed_punct_width_dim=\dimen146
\l__xeCJK_mixed_punct_width_dim=\dimen147
\l__xeCJK_middle_punct_width_dim=\dimen148
\l__xeCJK_fixed_margin_width_dim=\dimen149
\l__xeCJK_mixed_margin_width_dim=\dimen150
\l__xeCJK_middle_margin_width_dim=\dimen151
\l__xeCJK_bound_punct_width_dim=\dimen152
\l__xeCJK_bound_margin_width_dim=\dimen153
\l__xeCJK_margin_minimum_dim=\dimen154
\l__xeCJK_kerning_total_width_dim=\dimen155
\l__xeCJK_same_align_margin_dim=\dimen156
\l__xeCJK_different_align_margin_dim=\dimen157
\l__xeCJK_kerning_margin_width_dim=\dimen158
\l__xeCJK_kerning_margin_minimum_dim=\dimen159
\l__xeCJK_bound_dim=\dimen160
\l__xeCJK_reverse_bound_dim=\dimen161
\l__xeCJK_margin_dim=\dimen162
\l__xeCJK_minimum_bound_dim=\dimen163
\l__xeCJK_kerning_margin_dim=\dimen164
\g__xeCJK_family_int=\count189
\l__xeCJK_fam_int=\count190
\g__xeCJK_fam_allocation_int=\count191
\l__xeCJK_verb_case_int=\count192
\l__xeCJK_verb_exspace_skip=\skip55
 (d:/texlive 2020/texlive/2020/texmf-dist/tex/latex/fontspec/fontspec.sty
Package: fontspec 2020/02/21 v2.7i Font selection for XeLaTeX and LuaLaTeX
 (d:/texlive 2020/texlive/2020/texmf-dist/tex/latex/fontspec/fontspec-xetex.sty
Package: fontspec-xetex 2020/02/21 v2.7i Font selection for XeLaTeX and LuaLaTeX
\l__fontspec_script_int=\count193
\l__fontspec_language_int=\count194
\l__fontspec_strnum_int=\count195
\l__fontspec_tmp_int=\count196
\l__fontspec_tmpa_int=\count197
\l__fontspec_tmpb_int=\count198
\l__fontspec_tmpc_int=\count199
\l__fontspec_em_int=\count266
\l__fontspec_emdef_int=\count267
\l__fontspec_strong_int=\count268
\l__fontspec_strongdef_int=\count269
\l__fontspec_tmpa_dim=\dimen165
\l__fontspec_tmpb_dim=\dimen166
\l__fontspec_tmpc_dim=\dimen167
 (d:/texlive 2020/texlive/2020/texmf-dist/tex/latex/base/fontenc.sty
Package: fontenc 2020/02/11 v2.0o Standard LaTeX package
) (d:/texlive 2020/texlive/2020/texmf-dist/tex/latex/fontspec/fontspec.cfg))) (d:/texlive 2020/texlive/2020/texmf-dist/tex/xelatex/xecjk/xeCJK.cfg
File: xeCJK.cfg 2020/02/18 v3.8.2 Configuration file for xeCJK package
)) (d:/texlive 2020/texlive/2020/texmf-dist/tex/xelatex/xecjk/xeCJKfntef.sty
Package: xeCJKfntef 2020/02/18 v3.8.2 xeCJK font effect
 (d:/texlive 2020/texlive/2020/texmf-dist/tex/generic/ulem/ulem.sty
\UL@box=\box48
\UL@hyphenbox=\box49
\UL@skip=\skip56
\UL@hook=\toks15
\UL@height=\dimen168
\UL@pe=\count270
\UL@pixel=\dimen169
\ULC@box=\box50
Package: ulem 2019/11/18
\ULdepth=\dimen170
)
\l__xeCJK_space_skip=\skip57
\c__xeCJK_ulem-begin_node_dim=\dimen171
\c__xeCJK_null_box=\box51
\l__xeCJK_fntef_box=\box52
\l__xeCJK_under_symbol_box=\box53
\c__xeCJK_filll_skip=\skip58
)
\ccwd=\dimen172
\l__ctex_ccglue_skip=\skip59
)
\l__ctex_ziju_dim=\dimen173
 (d:/texlive 2020/texlive/2020/texmf-dist/tex/latex/zhnumber/zhnumber.sty
Package: zhnumber 2019/04/07 v2.7 Typesetting numbers with Chinese glyphs
\l__zhnum_scale_int=\count271
 (d:/texlive 2020/texlive/2020/texmf-dist/tex/latex/zhnumber/zhnumber-utf8.cfg
File: zhnumber-utf8.cfg 2019/04/07 v2.7 Chinese numerals with UTF8 encoding
))
\l__ctex_heading_skip=\skip60
 (d:/texlive 2020/texlive/2020/texmf-dist/tex/latex/ctex/scheme/ctex-scheme-chinese-article.def
File: ctex-scheme-chinese-article.def 2019/05/29 v2.4.16 Chinese scheme for article (CTEX)
 (d:/texlive 2020/texlive/2020/texmf-dist/tex/latex/ctex/config/ctex-name-utf8.cfg
File: ctex-name-utf8.cfg 2019/05/29 v2.4.16 Caption with encoding UTF8 (CTEX)
)) (d:/texlive 2020/texlive/2020/texmf-dist/tex/latex/ctex/ctex-c5size.clo
File: ctex-c5size.clo 2019/05/29 v2.4.16 c5size option (CTEX)
) (d:/texlive 2020/texlive/2020/texmf-dist/tex/latex/ctex/fontset/ctex-fontset-windows.def
File: ctex-fontset-windows.def 2019/05/29 v2.4.16 Windows fonts definition (CTEX)
 (d:/texlive 2020/texlive/2020/texmf-dist/tex/latex/ctex/fontset/ctex-fontset-windowsnew.def
File: ctex-fontset-windowsnew.def 2019/05/29 v2.4.16 Windows fonts definition for Vista or later version (CTEX)

Package fontspec Info: Could not resolve font "KaiTi/B" (it probably doesn't
(fontspec)             exist).


Package fontspec Info: Could not resolve font "SimHei/I" (it probably doesn't
(fontspec)             exist).


Package fontspec Info: Could not resolve font "SimSun/BI" (it probably doesn't
(fontspec)             exist).


Package fontspec Info: Font family 'SimSun(0)' created for font 'SimSun' with
(fontspec)             options
(fontspec)             [Script={CJK},BoldFont={SimHei},ItalicFont={KaiTi}].
(fontspec)              
(fontspec)              This font family consists of the following NFSS
(fontspec)             series/shapes:
(fontspec)              
(fontspec)             - 'normal' (m/n) with NFSS spec.:
(fontspec)             <->"SimSun/OT:script=hani;language=dflt;"
(fontspec)             - 'small caps'  (m/sc) with NFSS spec.: 
(fontspec)             - 'bold' (b/n) with NFSS spec.:
(fontspec)             <->"SimHei/OT:script=hani;language=dflt;"
(fontspec)             - 'bold small caps'  (b/sc) with NFSS spec.: 
(fontspec)             - 'italic' (m/it) with NFSS spec.:
(fontspec)             <->"KaiTi/OT:script=hani;language=dflt;"
(fontspec)             - 'italic small caps'  (m/scit) with NFSS spec.: 

))) (d:/texlive 2020/texlive/2020/texmf-dist/tex/latex/ctex/config/ctex.cfg
File: ctex.cfg 2019/05/29 v2.4.16 Configuration file (CTEX)
) (d:/texlive 2020/texlive/2020/texmf-dist/tex/latex/geometry/geometry.sty
Package: geometry 2020/01/02 v5.9 Page Geometry
 (d:/texlive 2020/texlive/2020/texmf-dist/tex/latex/graphics/keyval.sty
Package: keyval 2014/10/28 v1.15 key=value parser (DPC)
\KV@toks@=\toks16
) (d:/texlive 2020/texlive/2020/texmf-dist/tex/generic/iftex/ifvtex.sty
Package: ifvtex 2019/10/25 v1.7 ifvtex legacy package. Use iftex instead.
 (d:/texlive 2020/texlive/2020/texmf-dist/tex/generic/iftex/iftex.sty
Package: iftex 2020/03/06 v1.0d TeX engine tests
))
\Gm@cnth=\count272
\Gm@cntv=\count273
\c@Gm@tempcnt=\count274
\Gm@bindingoffset=\dimen174
\Gm@wd@mp=\dimen175
\Gm@odd@mp=\dimen176
\Gm@even@mp=\dimen177
\Gm@layoutwidth=\dimen178
\Gm@layoutheight=\dimen179
\Gm@layouthoffset=\dimen180
\Gm@layoutvoffset=\dimen181
\Gm@dimlist=\toks17
) (d:/texlive 2020/texlive/2020/texmf-dist/tex/latex/amsmath/amsmath.sty
Package: amsmath 2020/01/20 v2.17e AMS math features
\@mathmargin=\skip61

For additional information on amsmath, use the `?' option.
(d:/texlive 2020/texlive/2020/texmf-dist/tex/latex/amsmath/amstext.sty
Package: amstext 2000/06/29 v2.01 AMS text
 (d:/texlive 2020/texlive/2020/texmf-dist/tex/latex/amsmath/amsgen.sty
File: amsgen.sty 1999/11/30 v2.0 generic functions
\@emptytoks=\toks18
\ex@=\dimen182
)) (d:/texlive 2020/texlive/2020/texmf-dist/tex/latex/amsmath/amsbsy.sty
Package: amsbsy 1999/11/29 v1.2d Bold Symbols
\pmbraise@=\dimen183
) (d:/texlive 2020/texlive/2020/texmf-dist/tex/latex/amsmath/amsopn.sty
Package: amsopn 2016/03/08 v2.02 operator names
)
\inf@bad=\count275
LaTeX Info: Redefining \frac on input line 227.
\uproot@=\count276
\leftroot@=\count277
LaTeX Info: Redefining \overline on input line 389.
\classnum@=\count278
\DOTSCASE@=\count279
LaTeX Info: Redefining \ldots on input line 486.
LaTeX Info: Redefining \dots on input line 489.
LaTeX Info: Redefining \cdots on input line 610.
\Mathstrutbox@=\box54
\strutbox@=\box55
\big@size=\dimen184
LaTeX Font Info:    Redeclaring font encoding OML on input line 733.
LaTeX Font Info:    Redeclaring font encoding OMS on input line 734.
\macc@depth=\count280
\c@MaxMatrixCols=\count281
\dotsspace@=\muskip17
\c@parentequation=\count282
\dspbrk@lvl=\count283
\tag@help=\toks19
\row@=\count284
\column@=\count285
\maxfields@=\count286
\andhelp@=\toks20
\eqnshift@=\dimen185
\alignsep@=\dimen186
\tagshift@=\dimen187
\tagwidth@=\dimen188
\totwidth@=\dimen189
\lineht@=\dimen190
\@envbody=\toks21
\multlinegap=\skip62
\multlinetaggap=\skip63
\mathdisplay@stack=\toks22
LaTeX Info: Redefining \[ on input line 2859.
LaTeX Info: Redefining \] on input line 2860.
) (d:/texlive 2020/texlive/2020/texmf-dist/tex/latex/mathtools/mathtools.sty
Package: mathtools 2020/03/24 v1.24 mathematical typesetting tools
 (d:/texlive 2020/texlive/2020/texmf-dist/tex/latex/tools/calc.sty
Package: calc 2017/05/25 v4.3 Infix arithmetic (KKT,FJ)
\calc@Acount=\count287
\calc@Bcount=\count288
\calc@Adimen=\dimen191
\calc@Bdimen=\dimen192
\calc@Askip=\skip64
\calc@Bskip=\skip65
LaTeX Info: Redefining \setlength on input line 80.
LaTeX Info: Redefining \addtolength on input line 81.
\calc@Ccount=\count289
\calc@Cskip=\skip66
) (d:/texlive 2020/texlive/2020/texmf-dist/tex/latex/mathtools/mhsetup.sty
Package: mhsetup 2017/03/31 v1.3 programming setup (MH)
)
LaTeX Info: Thecontrolsequence`\('isalreadyrobust on input line 130.
LaTeX Info: Thecontrolsequence`\)'isalreadyrobust on input line 130.
LaTeX Info: Thecontrolsequence`\['isalreadyrobust on input line 130.
LaTeX Info: Thecontrolsequence`\]'isalreadyrobust on input line 130.
\g_MT_multlinerow_int=\count290
\l_MT_multwidth_dim=\dimen193
\origjot=\skip67
\l_MT_shortvdotswithinadjustabove_dim=\dimen194
\l_MT_shortvdotswithinadjustbelow_dim=\dimen195
\l_MT_above_intertext_sep=\dimen196
\l_MT_below_intertext_sep=\dimen197
\l_MT_above_shortintertext_sep=\dimen198
\l_MT_below_shortintertext_sep=\dimen199
\xmathstrut@box=\box56
\xmathstrut@dim=\dimen256
) (d:/texlive 2020/texlive/2020/texmf-dist/tex/generic/mathdots/mathdots.sty
Package: mathdots 2014/06/11 v0.9 Improve and add various macros for dots in math.
\MDo@unit=\dimen257
\MDo@dotsbox=\box57
\MDoprekern=\muskip18
\MDopostkern=\muskip19
\MDodotkern=\muskip20
) (d:/texlive 2020/texlive/2020/texmf-dist/tex/latex/extarrows/extarrows.sty
Package: extarrows 2020/03/12 v1.2.0 Some extensible arrows
) (d:/texlive 2020/texlive/2020/texmf-dist/tex/latex/psfrag/psfrag.sty
Package: psfrag 1998/04/11 v3.04 PSfrag (MCG)
 (d:/texlive 2020/texlive/2020/texmf-dist/tex/latex/graphics/graphics.sty
Package: graphics 2019/11/30 v1.4a Standard LaTeX Graphics (DPC,SPQR)
 (d:/texlive 2020/texlive/2020/texmf-dist/tex/latex/graphics/trig.sty
Package: trig 2016/01/03 v1.10 sin cos tan (DPC)
) (d:/texlive 2020/texlive/2020/texmf-dist/tex/latex/graphics-cfg/graphics.cfg
File: graphics.cfg 2016/06/04 v1.11 sample graphics configuration
)
Package graphics Info: Driver file: xetex.def on input line 105.
 (d:/texlive 2020/texlive/2020/texmf-dist/tex/latex/graphics-def/xetex.def
File: xetex.def 2017/06/24 v5.0h Graphics/color driver for xetex
))
\pfg@pcount=\count291
\pfg@scount=\count292
\pfg@temp=\write3
) (d:/texlive 2020/texlive/2020/texmf-dist/tex/latex/lipsum/lipsum.sty
Package: lipsum 2019/01/02 v2.2 150 paragraphs of Lorem Ipsum dummy text
 (d:/texlive 2020/texlive/2020/texmf-dist/tex/latex/lipsum/lipsum.ltd.tex
File: lipsum.ltd.tex 2019/01/02 v2.2 The Lorem ipsum dummy text
)) (d:/texlive 2020/texlive/2020/texmf-dist/tex/latex/tools/array.sty
Package: array 2019/08/31 v2.4l Tabular extension package (FMi)
\col@sep=\dimen258
\ar@mcellbox=\box58
\extrarowheight=\dimen259
\NC@list=\toks23
\extratabsurround=\skip68
\backup@length=\skip69
\ar@cellbox=\box59
) (d:/texlive 2020/texlive/2020/texmf-dist/tex/latex/xcolor/xcolor.sty
Package: xcolor 2016/05/11 v2.12 LaTeX color extensions (UK)
 (d:/texlive 2020/texlive/2020/texmf-dist/tex/latex/graphics-cfg/color.cfg
File: color.cfg 2016/01/02 v1.6 sample color configuration
)
Package xcolor Info: Driver file: xetex.def on input line 225.
Package xcolor Info: Model `cmy' substituted by `cmy0' on input line 1348.
Package xcolor Info: Model `RGB' extended on input line 1364.
Package xcolor Info: Model `HTML' substituted by `rgb' on input line 1366.
Package xcolor Info: Model `Hsb' substituted by `hsb' on input line 1367.
Package xcolor Info: Model `tHsb' substituted by `hsb' on input line 1368.
Package xcolor Info: Model `HSB' substituted by `hsb' on input line 1369.
Package xcolor Info: Model `Gray' substituted by `gray' on input line 1370.
Package xcolor Info: Model `wave' substituted by `hsb' on input line 1371.
) (d:/texlive 2020/texlive/2020/texmf-dist/tex/latex/pgf/frontendlayer/tikz.sty (d:/texlive 2020/texlive/2020/texmf-dist/tex/latex/pgf/basiclayer/pgf.sty (d:/texlive 2020/texlive/2020/texmf-dist/tex/latex/pgf/utilities/pgfrcs.sty (d:/texlive 2020/texlive/2020/texmf-dist/tex/generic/pgf/utilities/pgfutil-common.tex
\pgfutil@everybye=\toks24
\pgfutil@tempdima=\dimen260
\pgfutil@tempdimb=\dimen261
 (d:/texlive 2020/texlive/2020/texmf-dist/tex/generic/pgf/utilities/pgfutil-common-lists.tex)) (d:/texlive 2020/texlive/2020/texmf-dist/tex/generic/pgf/utilities/pgfutil-latex.def
\pgfutil@abb=\box60
 (d:/texlive 2020/texlive/2020/texmf-dist/tex/latex/ms/everyshi.sty
Package: everyshi 2001/05/15 v3.00 EveryShipout Package (MS)
)) (d:/texlive 2020/texlive/2020/texmf-dist/tex/generic/pgf/utilities/pgfrcs.code.tex (d:/texlive 2020/texlive/2020/texmf-dist/tex/generic/pgf/pgf.revision.tex)
Package: pgfrcs 2020/01/08 v3.1.5b (3.1.5b)
))
Package: pgf 2020/01/08 v3.1.5b (3.1.5b)
 (d:/texlive 2020/texlive/2020/texmf-dist/tex/latex/pgf/basiclayer/pgfcore.sty (d:/texlive 2020/texlive/2020/texmf-dist/tex/latex/graphics/graphicx.sty
Package: graphicx 2019/11/30 v1.2a Enhanced LaTeX Graphics (DPC,SPQR)
\Gin@req@height=\dimen262
\Gin@req@width=\dimen263
) (d:/texlive 2020/texlive/2020/texmf-dist/tex/latex/pgf/systemlayer/pgfsys.sty (d:/texlive 2020/texlive/2020/texmf-dist/tex/generic/pgf/systemlayer/pgfsys.code.tex
Package: pgfsys 2020/01/08 v3.1.5b (3.1.5b)
 (d:/texlive 2020/texlive/2020/texmf-dist/tex/generic/pgf/utilities/pgfkeys.code.tex
\pgfkeys@pathtoks=\toks25
\pgfkeys@temptoks=\toks26
 (d:/texlive 2020/texlive/2020/texmf-dist/tex/generic/pgf/utilities/pgfkeysfiltered.code.tex
\pgfkeys@tmptoks=\toks27
))
\pgf@x=\dimen264
\pgf@y=\dimen265
\pgf@xa=\dimen266
\pgf@ya=\dimen267
\pgf@xb=\dimen268
\pgf@yb=\dimen269
\pgf@xc=\dimen270
\pgf@yc=\dimen271
\pgf@xd=\dimen272
\pgf@yd=\dimen273
\w@pgf@writea=\write4
\r@pgf@reada=\read2
\c@pgf@counta=\count293
\c@pgf@countb=\count294
\c@pgf@countc=\count295
\c@pgf@countd=\count296
\t@pgf@toka=\toks28
\t@pgf@tokb=\toks29
\t@pgf@tokc=\toks30
\pgf@sys@id@count=\count297
 (d:/texlive 2020/texlive/2020/texmf-dist/tex/generic/pgf/systemlayer/pgf.cfg
File: pgf.cfg 2020/01/08 v3.1.5b (3.1.5b)
)
Driver file for pgf: pgfsys-xetex.def
 (d:/texlive 2020/texlive/2020/texmf-dist/tex/generic/pgf/systemlayer/pgfsys-xetex.def
File: pgfsys-xetex.def 2020/01/08 v3.1.5b (3.1.5b)
 (d:/texlive 2020/texlive/2020/texmf-dist/tex/generic/pgf/systemlayer/pgfsys-dvipdfmx.def
File: pgfsys-dvipdfmx.def 2020/01/08 v3.1.5b (3.1.5b)
 (d:/texlive 2020/texlive/2020/texmf-dist/tex/generic/pgf/systemlayer/pgfsys-common-pdf.def
File: pgfsys-common-pdf.def 2020/01/08 v3.1.5b (3.1.5b)
)
\pgfsys@objnum=\count298
))) (d:/texlive 2020/texlive/2020/texmf-dist/tex/generic/pgf/systemlayer/pgfsyssoftpath.code.tex
File: pgfsyssoftpath.code.tex 2020/01/08 v3.1.5b (3.1.5b)
\pgfsyssoftpath@smallbuffer@items=\count299
\pgfsyssoftpath@bigbuffer@items=\count300
) (d:/texlive 2020/texlive/2020/texmf-dist/tex/generic/pgf/systemlayer/pgfsysprotocol.code.tex
File: pgfsysprotocol.code.tex 2020/01/08 v3.1.5b (3.1.5b)
)) (d:/texlive 2020/texlive/2020/texmf-dist/tex/generic/pgf/basiclayer/pgfcore.code.tex
Package: pgfcore 2020/01/08 v3.1.5b (3.1.5b)
 (d:/texlive 2020/texlive/2020/texmf-dist/tex/generic/pgf/math/pgfmath.code.tex (d:/texlive 2020/texlive/2020/texmf-dist/tex/generic/pgf/math/pgfmathcalc.code.tex (d:/texlive 2020/texlive/2020/texmf-dist/tex/generic/pgf/math/pgfmathutil.code.tex) (d:/texlive 2020/texlive/2020/texmf-dist/tex/generic/pgf/math/pgfmathparser.code.tex
\pgfmath@dimen=\dimen274
\pgfmath@count=\count301
\pgfmath@box=\box61
\pgfmath@toks=\toks31
\pgfmath@stack@operand=\toks32
\pgfmath@stack@operation=\toks33
) (d:/texlive 2020/texlive/2020/texmf-dist/tex/generic/pgf/math/pgfmathfunctions.code.tex (d:/texlive 2020/texlive/2020/texmf-dist/tex/generic/pgf/math/pgfmathfunctions.basic.code.tex) (d:/texlive 2020/texlive/2020/texmf-dist/tex/generic/pgf/math/pgfmathfunctions.trigonometric.code.tex) (d:/texlive 2020/texlive/2020/texmf-dist/tex/generic/pgf/math/pgfmathfunctions.random.code.tex) (d:/texlive 2020/texlive/2020/texmf-dist/tex/generic/pgf/math/pgfmathfunctions.comparison.code.tex) (d:/texlive 2020/texlive/2020/texmf-dist/tex/generic/pgf/math/pgfmathfunctions.base.code.tex) (d:/texlive 2020/texlive/2020/texmf-dist/tex/generic/pgf/math/pgfmathfunctions.round.code.tex) (d:/texlive 2020/texlive/2020/texmf-dist/tex/generic/pgf/math/pgfmathfunctions.misc.code.tex) (d:/texlive 2020/texlive/2020/texmf-dist/tex/generic/pgf/math/pgfmathfunctions.integerarithmetics.code.tex))) (d:/texlive 2020/texlive/2020/texmf-dist/tex/generic/pgf/math/pgfmathfloat.code.tex
\c@pgfmathroundto@lastzeros=\count302
)) (d:/texlive 2020/texlive/2020/texmf-dist/tex/generic/pgf/math/pgfint.code.tex) (d:/texlive 2020/texlive/2020/texmf-dist/tex/generic/pgf/basiclayer/pgfcorepoints.code.tex
File: pgfcorepoints.code.tex 2020/01/08 v3.1.5b (3.1.5b)
\pgf@picminx=\dimen275
\pgf@picmaxx=\dimen276
\pgf@picminy=\dimen277
\pgf@picmaxy=\dimen278
\pgf@pathminx=\dimen279
\pgf@pathmaxx=\dimen280
\pgf@pathminy=\dimen281
\pgf@pathmaxy=\dimen282
\pgf@xx=\dimen283
\pgf@xy=\dimen284
\pgf@yx=\dimen285
\pgf@yy=\dimen286
\pgf@zx=\dimen287
\pgf@zy=\dimen288
) (d:/texlive 2020/texlive/2020/texmf-dist/tex/generic/pgf/basiclayer/pgfcorepathconstruct.code.tex
File: pgfcorepathconstruct.code.tex 2020/01/08 v3.1.5b (3.1.5b)
\pgf@path@lastx=\dimen289
\pgf@path@lasty=\dimen290
) (d:/texlive 2020/texlive/2020/texmf-dist/tex/generic/pgf/basiclayer/pgfcorepathusage.code.tex
File: pgfcorepathusage.code.tex 2020/01/08 v3.1.5b (3.1.5b)
\pgf@shorten@end@additional=\dimen291
\pgf@shorten@start@additional=\dimen292
) (d:/texlive 2020/texlive/2020/texmf-dist/tex/generic/pgf/basiclayer/pgfcorescopes.code.tex
File: pgfcorescopes.code.tex 2020/01/08 v3.1.5b (3.1.5b)
\pgfpic=\box62
\pgf@hbox=\box63
\pgf@layerbox@main=\box64
\pgf@picture@serial@count=\count303
) (d:/texlive 2020/texlive/2020/texmf-dist/tex/generic/pgf/basiclayer/pgfcoregraphicstate.code.tex
File: pgfcoregraphicstate.code.tex 2020/01/08 v3.1.5b (3.1.5b)
\pgflinewidth=\dimen293
) (d:/texlive 2020/texlive/2020/texmf-dist/tex/generic/pgf/basiclayer/pgfcoretransformations.code.tex
File: pgfcoretransformations.code.tex 2020/01/08 v3.1.5b (3.1.5b)
\pgf@pt@x=\dimen294
\pgf@pt@y=\dimen295
\pgf@pt@temp=\dimen296
) (d:/texlive 2020/texlive/2020/texmf-dist/tex/generic/pgf/basiclayer/pgfcorequick.code.tex
File: pgfcorequick.code.tex 2020/01/08 v3.1.5b (3.1.5b)
) (d:/texlive 2020/texlive/2020/texmf-dist/tex/generic/pgf/basiclayer/pgfcoreobjects.code.tex
File: pgfcoreobjects.code.tex 2020/01/08 v3.1.5b (3.1.5b)
) (d:/texlive 2020/texlive/2020/texmf-dist/tex/generic/pgf/basiclayer/pgfcorepathprocessing.code.tex
File: pgfcorepathprocessing.code.tex 2020/01/08 v3.1.5b (3.1.5b)
) (d:/texlive 2020/texlive/2020/texmf-dist/tex/generic/pgf/basiclayer/pgfcorearrows.code.tex
File: pgfcorearrows.code.tex 2020/01/08 v3.1.5b (3.1.5b)
\pgfarrowsep=\dimen297
) (d:/texlive 2020/texlive/2020/texmf-dist/tex/generic/pgf/basiclayer/pgfcoreshade.code.tex
File: pgfcoreshade.code.tex 2020/01/08 v3.1.5b (3.1.5b)
\pgf@max=\dimen298
\pgf@sys@shading@range@num=\count304
\pgf@shadingcount=\count305
) (d:/texlive 2020/texlive/2020/texmf-dist/tex/generic/pgf/basiclayer/pgfcoreimage.code.tex
File: pgfcoreimage.code.tex 2020/01/08 v3.1.5b (3.1.5b)
 (d:/texlive 2020/texlive/2020/texmf-dist/tex/generic/pgf/basiclayer/pgfcoreexternal.code.tex
File: pgfcoreexternal.code.tex 2020/01/08 v3.1.5b (3.1.5b)
\pgfexternal@startupbox=\box65
)) (d:/texlive 2020/texlive/2020/texmf-dist/tex/generic/pgf/basiclayer/pgfcorelayers.code.tex
File: pgfcorelayers.code.tex 2020/01/08 v3.1.5b (3.1.5b)
) (d:/texlive 2020/texlive/2020/texmf-dist/tex/generic/pgf/basiclayer/pgfcoretransparency.code.tex
File: pgfcoretransparency.code.tex 2020/01/08 v3.1.5b (3.1.5b)
) (d:/texlive 2020/texlive/2020/texmf-dist/tex/generic/pgf/basiclayer/pgfcorepatterns.code.tex
File: pgfcorepatterns.code.tex 2020/01/08 v3.1.5b (3.1.5b)
) (d:/texlive 2020/texlive/2020/texmf-dist/tex/generic/pgf/basiclayer/pgfcorerdf.code.tex
File: pgfcorerdf.code.tex 2020/01/08 v3.1.5b (3.1.5b)
))) (d:/texlive 2020/texlive/2020/texmf-dist/tex/generic/pgf/modules/pgfmoduleshapes.code.tex
File: pgfmoduleshapes.code.tex 2020/01/08 v3.1.5b (3.1.5b)
\pgfnodeparttextbox=\box66
) (d:/texlive 2020/texlive/2020/texmf-dist/tex/generic/pgf/modules/pgfmoduleplot.code.tex
File: pgfmoduleplot.code.tex 2020/01/08 v3.1.5b (3.1.5b)
) (d:/texlive 2020/texlive/2020/texmf-dist/tex/latex/pgf/compatibility/pgfcomp-version-0-65.sty
Package: pgfcomp-version-0-65 2020/01/08 v3.1.5b (3.1.5b)
\pgf@nodesepstart=\dimen299
\pgf@nodesepend=\dimen300
) (d:/texlive 2020/texlive/2020/texmf-dist/tex/latex/pgf/compatibility/pgfcomp-version-1-18.sty
Package: pgfcomp-version-1-18 2020/01/08 v3.1.5b (3.1.5b)
)) (d:/texlive 2020/texlive/2020/texmf-dist/tex/latex/pgf/utilities/pgffor.sty (d:/texlive 2020/texlive/2020/texmf-dist/tex/latex/pgf/utilities/pgfkeys.sty (d:/texlive 2020/texlive/2020/texmf-dist/tex/generic/pgf/utilities/pgfkeys.code.tex)) (d:/texlive 2020/texlive/2020/texmf-dist/tex/latex/pgf/math/pgfmath.sty (d:/texlive 2020/texlive/2020/texmf-dist/tex/generic/pgf/math/pgfmath.code.tex)) (d:/texlive 2020/texlive/2020/texmf-dist/tex/generic/pgf/utilities/pgffor.code.tex
Package: pgffor 2020/01/08 v3.1.5b (3.1.5b)
 (d:/texlive 2020/texlive/2020/texmf-dist/tex/generic/pgf/math/pgfmath.code.tex)
\pgffor@iter=\dimen301
\pgffor@skip=\dimen302
\pgffor@stack=\toks34
\pgffor@toks=\toks35
)) (d:/texlive 2020/texlive/2020/texmf-dist/tex/generic/pgf/frontendlayer/tikz/tikz.code.tex
Package: tikz 2020/01/08 v3.1.5b (3.1.5b)
 (d:/texlive 2020/texlive/2020/texmf-dist/tex/generic/pgf/libraries/pgflibraryplothandlers.code.tex
File: pgflibraryplothandlers.code.tex 2020/01/08 v3.1.5b (3.1.5b)
\pgf@plot@mark@count=\count306
\pgfplotmarksize=\dimen303
)
\tikz@lastx=\dimen304
\tikz@lasty=\dimen305
\tikz@lastxsaved=\dimen306
\tikz@lastysaved=\dimen307
\tikz@lastmovetox=\dimen308
\tikz@lastmovetoy=\dimen309
\tikzleveldistance=\dimen310
\tikzsiblingdistance=\dimen311
\tikz@figbox=\box67
\tikz@figbox@bg=\box68
\tikz@tempbox=\box69
\tikz@tempbox@bg=\box70
\tikztreelevel=\count307
\tikznumberofchildren=\count308
\tikznumberofcurrentchild=\count309
\tikz@fig@count=\count310
 (d:/texlive 2020/texlive/2020/texmf-dist/tex/generic/pgf/modules/pgfmodulematrix.code.tex
File: pgfmodulematrix.code.tex 2020/01/08 v3.1.5b (3.1.5b)
\pgfmatrixcurrentrow=\count311
\pgfmatrixcurrentcolumn=\count312
\pgf@matrix@numberofcolumns=\count313
)
\tikz@expandcount=\count314
 (d:/texlive 2020/texlive/2020/texmf-dist/tex/generic/pgf/frontendlayer/tikz/libraries/tikzlibrarytopaths.code.tex
File: tikzlibrarytopaths.code.tex 2020/01/08 v3.1.5b (3.1.5b)
))) (d:/texlive 2020/texlive/2020/texmf-dist/tex/latex/pgfplots/pgfplots.sty (d:/texlive 2020/texlive/2020/texmf-dist/tex/generic/pgfplots/pgfplots.revision.tex)
Package: pgfplots 2020/02/29 v1.17 Data Visualization (1.17)
 (d:/texlive 2020/texlive/2020/texmf-dist/tex/generic/pgfplots/pgfplots.code.tex (d:/texlive 2020/texlive/2020/texmf-dist/tex/generic/pgfplots/pgfplotscore.code.tex
\t@pgfplots@toka=\toks36
\t@pgfplots@tokb=\toks37
\t@pgfplots@tokc=\toks38
\pgfplots@tmpa=\dimen312
\c@pgfplots@coordindex=\count315
\c@pgfplots@scanlineindex=\count316
 (d:/texlive 2020/texlive/2020/texmf-dist/tex/generic/pgfplots/sys/pgfplotssysgeneric.code.tex)) (d:/texlive 2020/texlive/2020/texmf-dist/tex/generic/pgfplots/libs/pgfplotslibrary.code.tex) (d:/texlive 2020/texlive/2020/texmf-dist/tex/generic/pgfplots/oldpgfcompatib/pgfplotsoldpgfsupp_loader.code.tex (d:/texlive 2020/texlive/2020/texmf-dist/tex/generic/pgf/libraries/pgflibraryfpu.code.tex)) (d:/texlive 2020/texlive/2020/texmf-dist/tex/generic/pgfplots/util/pgfplotsutil.code.tex (d:/texlive 2020/texlive/2020/texmf-dist/tex/generic/pgfplots/liststructure/pgfplotsliststructure.code.tex) (d:/texlive 2020/texlive/2020/texmf-dist/tex/generic/pgfplots/liststructure/pgfplotsliststructureext.code.tex) (d:/texlive 2020/texlive/2020/texmf-dist/tex/generic/pgfplots/liststructure/pgfplotsarray.code.tex
\c@pgfplotsarray@tmp=\count317
) (d:/texlive 2020/texlive/2020/texmf-dist/tex/generic/pgfplots/liststructure/pgfplotsmatrix.code.tex) (d:/texlive 2020/texlive/2020/texmf-dist/tex/generic/pgfplots/numtable/pgfplotstableshared.code.tex
\c@pgfplotstable@counta=\count318
\t@pgfplotstable@a=\toks39
) (d:/texlive 2020/texlive/2020/texmf-dist/tex/generic/pgfplots/liststructure/pgfplotsdeque.code.tex) (d:/texlive 2020/texlive/2020/texmf-dist/tex/generic/pgfplots/util/pgfplotsbinary.code.tex (d:/texlive 2020/texlive/2020/texmf-dist/tex/generic/pgfplots/util/pgfplotsbinary.data.code.tex)) (d:/texlive 2020/texlive/2020/texmf-dist/tex/generic/pgfplots/util/pgfplotsutil.verb.code.tex) (d:/texlive 2020/texlive/2020/texmf-dist/tex/generic/pgfplots/libs/pgflibrarypgfplots.surfshading.code.tex
\c@pgfplotslibrarysurf@no=\count319
 (d:/texlive 2020/texlive/2020/texmf-dist/tex/generic/pgfplots/sys/pgflibrarypgfplots.surfshading.pgfsys-xetex.def (d:/texlive 2020/texlive/2020/texmf-dist/tex/generic/pgfplots/sys/pgflibrarypgfplots.surfshading.pgfsys-dvipdfmx.def
\c@pgfplotslibrarysurf@streamlen=\count320
)))) (d:/texlive 2020/texlive/2020/texmf-dist/tex/generic/pgfplots/util/pgfplotscolormap.code.tex (d:/texlive 2020/texlive/2020/texmf-dist/tex/generic/pgfplots/util/pgfplotscolor.code.tex)) (d:/texlive 2020/texlive/2020/texmf-dist/tex/generic/pgfplots/pgfplotsstackedplots.code.tex) (d:/texlive 2020/texlive/2020/texmf-dist/tex/generic/pgfplots/pgfplotsplothandlers.code.tex
(d:/texlive 2020/texlive/2020/texmf-dist/tex/generic/pgfplots/pgfplotsmeshplothandler.code.tex (d:/texlive 2020/texlive/2020/texmf-dist/tex/generic/pgfplots/pgfplotsmeshplotimage.code.tex))) (d:/texlive 2020/texlive/2020/texmf-dist/tex/generic/pgfplots/pgfplots.scaling.code.tex) (d:/texlive 2020/texlive/2020/texmf-dist/tex/generic/pgfplots/pgfplotscoordprocessing.code.tex) (d:/texlive 2020/texlive/2020/texmf-dist/tex/generic/pgfplots/pgfplots.errorbars.code.tex) (d:/texlive 2020/texlive/2020/texmf-dist/tex/generic/pgfplots/pgfplots.markers.code.tex) (d:/texlive 2020/texlive/2020/texmf-dist/tex/generic/pgfplots/pgfplotsticks.code.tex) (d:/texlive 2020/texlive/2020/texmf-dist/tex/generic/pgfplots/pgfplots.paths.code.tex) (d:/texlive 2020/texlive/2020/texmf-dist/tex/generic/pgf/frontendlayer/tikz/libraries/tikzlibrarydecorations.code.tex (d:/texlive 2020/texlive/2020/texmf-dist/tex/generic/pgf/modules/pgfmoduledecorations.code.tex
\pgfdecoratedcompleteddistance=\dimen313
\pgfdecoratedremainingdistance=\dimen314
\pgfdecoratedinputsegmentcompleteddistance=\dimen315
\pgfdecoratedinputsegmentremainingdistance=\dimen316
\pgf@decorate@distancetomove=\dimen317
\pgf@decorate@repeatstate=\count321
\pgfdecorationsegmentamplitude=\dimen318
\pgfdecorationsegmentlength=\dimen319
)
\tikz@lib@dec@box=\box71
) (d:/texlive 2020/texlive/2020/texmf-dist/tex/generic/pgf/frontendlayer/tikz/libraries/tikzlibrarydecorations.pathmorphing.code.tex (d:/texlive 2020/texlive/2020/texmf-dist/tex/generic/pgf/libraries/decorations/pgflibrarydecorations.pathmorphing.code.tex)) (d:/texlive 2020/texlive/2020/texmf-dist/tex/generic/pgf/frontendlayer/tikz/libraries/tikzlibrarydecorations.pathreplacing.code.tex (d:/texlive 2020/texlive/2020/texmf-dist/tex/generic/pgf/libraries/decorations/pgflibrarydecorations.pathreplacing.code.tex))
\pgfplots@numplots=\count322
\pgfplots@xmin@reg=\dimen320
\pgfplots@xmax@reg=\dimen321
\pgfplots@ymin@reg=\dimen322
\pgfplots@ymax@reg=\dimen323
\pgfplots@zmin@reg=\dimen324
\pgfplots@zmax@reg=\dimen325
) (d:/texlive 2020/texlive/2020/texmf-dist/tex/generic/pgf/frontendlayer/tikz/libraries/tikzlibraryplotmarks.code.tex
File: tikzlibraryplotmarks.code.tex 2020/01/08 v3.1.5b (3.1.5b)
 (d:/texlive 2020/texlive/2020/texmf-dist/tex/generic/pgf/libraries/pgflibraryplotmarks.code.tex
File: pgflibraryplotmarks.code.tex 2020/01/08 v3.1.5b (3.1.5b)
))) (d:/texlive 2020/texlive/2020/texmf-dist/tex/latex/tcolorbox/tcolorbox.sty
Package: tcolorbox 2019/11/15 version 4.22 text color boxes
 (d:/texlive 2020/texlive/2020/texmf-dist/tex/latex/tools/verbatim.sty
Package: verbatim 2019/11/10 v1.5r LaTeX2e package for verbatim enhancements
\every@verbatim=\toks40
\verbatim@line=\toks41
\verbatim@in@stream=\read3
) (d:/texlive 2020/texlive/2020/texmf-dist/tex/latex/environ/environ.sty
Package: environ 2014/05/04 v0.3 A new way to define environments
 (d:/texlive 2020/texlive/2020/texmf-dist/tex/latex/trimspaces/trimspaces.sty
Package: trimspaces 2009/09/17 v1.1 Trim spaces around a token list
)) (d:/texlive 2020/texlive/2020/texmf-dist/tex/latex/etoolbox/etoolbox.sty
Package: etoolbox 2019/09/21 v2.5h e-TeX tools for LaTeX (JAW)
\etb@tempcnta=\count323
)
\tcb@titlebox=\box72
\tcb@upperbox=\box73
\tcb@lowerbox=\box74
\tcb@phantombox=\box75
\c@tcbbreakpart=\count324
\c@tcblayer=\count325
\tcolorbox@number=\count326
\tcb@temp=\box76
\tcb@temp=\box77
\tcb@temp=\box78
\tcb@temp=\box79
\tcb@out=\write5
\tcb@record@out=\write6
) (d:/texlive 2020/texlive/2020/texmf-dist/tex/latex/caption/caption.sty
Package: caption 2020/01/03 v3.4h Customizing captions (AR)
 (d:/texlive 2020/texlive/2020/texmf-dist/tex/latex/caption/caption3.sty
Package: caption3 2020/01/03 v1.8h caption3 kernel (AR)
Package caption3 Info: TeX engine: e-TeX on input line 61.
\captionmargin=\dimen326
\captionmargin@=\dimen327
\captionwidth=\dimen328
\caption@tempdima=\dimen329
\caption@indent=\dimen330
\caption@parindent=\dimen331
\caption@hangindent=\dimen332
Package caption Info: Standard document class detected.
)
\c@caption@flags=\count327
\c@continuedfloat=\count328
) (d:/texlive 2020/texlive/2020/texmf-dist/tex/latex/caption/subcaption.sty
Package: subcaption 2020/01/22 v1.3d Sub-captions (AR)
\c@subfigure=\count329
\c@subtable=\count330
) (d:/texlive 2020/texlive/2020/texmf-dist/tex/latex/amsfonts/amssymb.sty
Package: amssymb 2013/01/14 v3.01 AMS font symbols
 (d:/texlive 2020/texlive/2020/texmf-dist/tex/latex/amsfonts/amsfonts.sty
Package: amsfonts 2013/01/14 v3.01 Basic AMSFonts support
\symAMSa=\mathgroup4
\symAMSb=\mathgroup5
LaTeX Font Info:    Redeclaring math symbol \hbar on input line 98.
LaTeX Font Info:    Overwriting math alphabet `\mathfrak' in version `bold'
(Font)                  U/euf/m/n --> U/euf/b/n on input line 106.
)) (d:/texlive 2020/texlive/2020/texmf-dist/tex/latex/booktabs/booktabs.sty
Package: booktabs 2020/01/12 v1.61803398 Publication quality tables
\heavyrulewidth=\dimen333
\lightrulewidth=\dimen334
\cmidrulewidth=\dimen335
\belowrulesep=\dimen336
\belowbottomsep=\dimen337
\aboverulesep=\dimen338
\abovetopsep=\dimen339
\cmidrulesep=\dimen340
\cmidrulekern=\dimen341
\defaultaddspace=\dimen342
\@cmidla=\count331
\@cmidlb=\count332
\@aboverulesep=\dimen343
\@belowrulesep=\dimen344
\@thisruleclass=\count333
\@lastruleclass=\count334
\@thisrulewidth=\dimen345
) (d:/texlive 2020/texlive/2020/texmf-dist/tex/latex/tools/bm.sty
Package: bm 2019/07/24 v1.2d Bold Symbol Support (DPC/FMi)
\symboldoperators=\mathgroup6
\symboldletters=\mathgroup7
\symboldsymbols=\mathgroup8
LaTeX Font Info:    Redeclaring math alphabet \mathbf on input line 141.
LaTeX Info: Redefining \bm on input line 209.
) (d:/texlive 2020/texlive/2020/texmf-dist/tex/latex/enumitem/enumitem.sty
Package: enumitem 2019/06/20 v3.9 Customized lists
\labelindent=\skip70
\enit@outerparindent=\dimen346
\enit@toks=\toks42
\enit@inbox=\box80
\enit@count@id=\count335
\enitdp@description=\count336
) (d:/texlive 2020/texlive/2020/texmf-dist/tex/latex/pdfpages/pdfpages.sty
Package: pdfpages 2020/01/28 v0.5q Insert pages of external PDF documents (AM)
 (d:/texlive 2020/texlive/2020/texmf-dist/tex/latex/base/ifthen.sty
Package: ifthen 2014/09/29 v1.1c Standard LaTeX ifthen package (DPC)
) (d:/texlive 2020/texlive/2020/texmf-dist/tex/latex/eso-pic/eso-pic.sty
Package: eso-pic 2018/04/12 v2.0h eso-pic (RN)
 (d:/texlive 2020/texlive/2020/texmf-dist/tex/generic/atbegshi/atbegshi.sty
Package: atbegshi 2019/12/05 v1.19 At begin shipout hook (HO)
 (d:/texlive 2020/texlive/2020/texmf-dist/tex/generic/infwarerr/infwarerr.sty
Package: infwarerr 2019/12/03 v1.5 Providing info/warning/error messages (HO)
) (d:/texlive 2020/texlive/2020/texmf-dist/tex/generic/ltxcmds/ltxcmds.sty
Package: ltxcmds 2019/12/15 v1.24 LaTeX kernel commands for general use (HO)
)))
\AM@pagewidth=\dimen347
\AM@pageheight=\dimen348
 (d:/texlive 2020/texlive/2020/texmf-dist/tex/latex/pdfpages/ppxetex.def
File: ppxetex.def 2020/01/28 v0.5q Pdfpages driver for XeTeX (AM)
)
\AM@pagebox=\box81
\AM@global@opts=\toks43
\AM@pagecnt=\count337
\AM@toc@title=\toks44
\c@AM@survey=\count338
\AM@templatesizebox=\box82
) (d:/texlive 2020/texlive/2020/texmf-dist/tex/latex/tools/multicol.sty
Package: multicol 2019/12/09 v1.8y multicolumn formatting (FMi)
\c@tracingmulticols=\count339
\mult@box=\box83
\multicol@leftmargin=\dimen349
\c@unbalance=\count340
\c@collectmore=\count341
\doublecol@number=\count342
\multicoltolerance=\count343
\multicolpretolerance=\count344
\full@width=\dimen350
\page@free=\dimen351
\premulticols=\dimen352
\postmulticols=\dimen353
\multicolsep=\skip71
\multicolbaselineskip=\skip72
\partial@page=\box84
\last@line=\box85
\maxbalancingoverflow=\dimen354
\mult@rightbox=\box86
\mult@grightbox=\box87
\mult@gfirstbox=\box88
\mult@firstbox=\box89
\@tempa=\box90
\@tempa=\box91
\@tempa=\box92
\@tempa=\box93
\@tempa=\box94
\@tempa=\box95
\@tempa=\box96
\@tempa=\box97
\@tempa=\box98
\@tempa=\box99
\@tempa=\box100
\@tempa=\box101
\@tempa=\box102
\@tempa=\box103
\@tempa=\box104
\@tempa=\box105
\@tempa=\box106
\@tempa=\box107
\@tempa=\box108
\@tempa=\box109
\@tempa=\box110
\@tempa=\box111
\@tempa=\box112
\@tempa=\box113
\@tempa=\box114
\@tempa=\box115
\@tempa=\box116
\@tempa=\box117
\@tempa=\box118
\@tempa=\box119
\@tempa=\box120
\@tempa=\box121
\@tempa=\box122
\@tempa=\box123
\@tempa=\box124
\@tempa=\box125
\@tempa=\box126
\c@minrows=\count345
\c@columnbadness=\count346
\c@finalcolumnbadness=\count347
\last@try=\dimen355
\multicolovershoot=\dimen356
\multicolundershoot=\dimen357
\mult@nat@firstbox=\box127
\colbreak@box=\box128
\mc@col@check@num=\count348
) (d:/texlive 2020/texlive/2020/texmf-dist/tex/latex/multirow/multirow.sty
Package: multirow 2019/05/31 v2.5 Span multiple rows of a table
\multirow@colwidth=\skip73
\multirow@cntb=\count349
\multirow@dima=\skip74
\bigstrutjot=\dimen358
) (d:/texlive 2020/texlive/2020/texmf-dist/tex/latex/gbt7714/gbt7714.sty
Package: gbt7714 2020/03/14 v2.0.1 GB/T 7714-2015 BibTeX Style
 (d:/texlive 2020/texlive/2020/texmf-dist/tex/latex/natbib/natbib.sty
Package: natbib 2010/09/13 8.31b (PWD, AO)
\bibhang=\skip75
\bibsep=\skip76
LaTeX Info: Redefining \cite on input line 694.
\c@NAT@ctr=\count350
) (d:/texlive 2020/texlive/2020/texmf-dist/tex/latex/url/url.sty
\Urlmuskip=\muskip21
Package: url 2013/09/16  ver 3.4  Verb mode for urls, etc.
)) (d:/texlive 2020/texlive/2020/texmf-dist/tex/latex/hyperref/hyperref.sty
Package: hyperref 2020/01/14 v7.00d Hypertext links for LaTeX
 (d:/texlive 2020/texlive/2020/texmf-dist/tex/latex/pdftexcmds/pdftexcmds.sty
Package: pdftexcmds 2019/11/24 v0.31 Utility functions of pdfTeX for LuaTeX (HO)
Package pdftexcmds Info: \pdf@primitive is available.
Package pdftexcmds Info: \pdf@ifprimitive is available.
Package pdftexcmds Info: \pdfdraftmode not found.
) (d:/texlive 2020/texlive/2020/texmf-dist/tex/generic/kvsetkeys/kvsetkeys.sty
Package: kvsetkeys 2019/12/15 v1.18 Key value parser (HO)
) (d:/texlive 2020/texlive/2020/texmf-dist/tex/generic/kvdefinekeys/kvdefinekeys.sty
Package: kvdefinekeys 2019-12-19 v1.6 Define keys (HO)
) (d:/texlive 2020/texlive/2020/texmf-dist/tex/generic/pdfescape/pdfescape.sty
Package: pdfescape 2019/12/09 v1.15 Implements pdfTeX's escape features (HO)
) (d:/texlive 2020/texlive/2020/texmf-dist/tex/latex/hycolor/hycolor.sty
Package: hycolor 2020-01-27 v1.10 Color options for hyperref/bookmark (HO)
) (d:/texlive 2020/texlive/2020/texmf-dist/tex/latex/letltxmacro/letltxmacro.sty
Package: letltxmacro 2019/12/03 v1.6 Let assignment for LaTeX macros (HO)
) (d:/texlive 2020/texlive/2020/texmf-dist/tex/latex/auxhook/auxhook.sty
Package: auxhook 2019-12-17 v1.6 Hooks for auxiliary files (HO)
) (d:/texlive 2020/texlive/2020/texmf-dist/tex/latex/kvoptions/kvoptions.sty
Package: kvoptions 2019/11/29 v3.13 Key value format for package options (HO)
)
\@linkdim=\dimen359
\Hy@linkcounter=\count351
\Hy@pagecounter=\count352
 (d:/texlive 2020/texlive/2020/texmf-dist/tex/latex/hyperref/pd1enc.def
File: pd1enc.def 2020/01/14 v7.00d Hyperref: PDFDocEncoding definition (HO)
) (d:/texlive 2020/texlive/2020/texmf-dist/tex/generic/intcalc/intcalc.sty
Package: intcalc 2019/12/15 v1.3 Expandable calculations with integers (HO)
) (d:/texlive 2020/texlive/2020/texmf-dist/tex/generic/etexcmds/etexcmds.sty
Package: etexcmds 2019/12/15 v1.7 Avoid name clashes with e-TeX commands (HO)
)
\Hy@SavedSpaceFactor=\count353
Package hyperref Info: Option `unicode' set `true' on input line 4421.
 (d:/texlive 2020/texlive/2020/texmf-dist/tex/latex/hyperref/puenc.def
File: puenc.def 2020/01/14 v7.00d Hyperref: PDF Unicode definition (HO)
)
Package hyperref Info: Hyper figures OFF on input line 4547.
Package hyperref Info: Link nesting OFF on input line 4552.
Package hyperref Info: Hyper index ON on input line 4555.
Package hyperref Info: Plain pages OFF on input line 4562.
Package hyperref Info: Backreferencing OFF on input line 4567.
Package hyperref Info: Implicit mode ON; LaTeX internals redefined.
Package hyperref Info: Bookmarks ON on input line 4800.
\c@Hy@tempcnt=\count354
LaTeX Info: Redefining \url on input line 5159.
\XeTeXLinkMargin=\dimen360
 (d:/texlive 2020/texlive/2020/texmf-dist/tex/generic/bitset/bitset.sty
Package: bitset 2019/12/09 v1.3 Handle bit-vector datatype (HO)
 (d:/texlive 2020/texlive/2020/texmf-dist/tex/generic/bigintcalc/bigintcalc.sty
Package: bigintcalc 2019/12/15 v1.5 Expandable calculations on big integers (HO)
))
\Fld@menulength=\count355
\Field@Width=\dimen361
\Fld@charsize=\dimen362
Package hyperref Info: Hyper figures OFF on input line 6430.
Package hyperref Info: Link nesting OFF on input line 6435.
Package hyperref Info: Hyper index ON on input line 6438.
Package hyperref Info: backreferencing OFF on input line 6445.
Package hyperref Info: Link coloring OFF on input line 6450.
Package hyperref Info: Link coloring with OCG OFF on input line 6455.
Package hyperref Info: PDF/A mode OFF on input line 6460.
LaTeX Info: Redefining \ref on input line 6500.
LaTeX Info: Redefining \pageref on input line 6504.
\Hy@abspage=\count356
\c@Item=\count357
\c@Hfootnote=\count358
)
Package hyperref Info: Driver (autodetected): hxetex.
 (d:/texlive 2020/texlive/2020/texmf-dist/tex/latex/hyperref/hxetex.def
File: hxetex.def 2020/01/14 v7.00d Hyperref driver for XeTeX
 (d:/texlive 2020/texlive/2020/texmf-dist/tex/generic/stringenc/stringenc.sty
Package: stringenc 2019/11/29 v1.12 Convert strings between diff. encodings (HO)
)
\pdfm@box=\box129
\c@Hy@AnnotLevel=\count359
\HyField@AnnotCount=\count360
\Fld@listcount=\count361
\c@bookmark@seq@number=\count362
 (d:/texlive 2020/texlive/2020/texmf-dist/tex/latex/rerunfilecheck/rerunfilecheck.sty
Package: rerunfilecheck 2019/12/05 v1.9 Rerun checks for auxiliary files (HO)
 (d:/texlive 2020/texlive/2020/texmf-dist/tex/latex/atveryend/atveryend.sty
Package: atveryend 2019-12-11 v1.11 Hooks at the very end of document (HO)
) (d:/texlive 2020/texlive/2020/texmf-dist/tex/generic/uniquecounter/uniquecounter.sty
Package: uniquecounter 2019/12/15 v1.4 Provide unlimited unique counter (HO)
)
Package uniquecounter Info: New unique counter `rerunfilecheck' on input line 286.
)
\Hy@SectionHShift=\skip77
) (d:/texlive 2020/texlive/2020/texmf-dist/tex/latex/ccicons/ccicons.sty
Package: ccicons 2017/10/30 v1.6 LaTeX support for Creative Commons icons
 (d:/texlive 2020/texlive/2020/texmf-dist/tex/latex/xkeyval/xkeyval.sty
Package: xkeyval 2014/12/03 v2.7a package option processing (HA)
 (d:/texlive 2020/texlive/2020/texmf-dist/tex/generic/xkeyval/xkeyval.tex (d:/texlive 2020/texlive/2020/texmf-dist/tex/generic/xkeyval/xkvutils.tex
\XKV@toks=\toks45
\XKV@tempa@toks=\toks46
)
\XKV@depth=\count363
File: xkeyval.tex 2014/12/03 v2.7a key=value parser (HA)
))) (d:/texlive 2020/texlive/2020/texmf-dist/tex/latex/psnfss/pifont.sty
Package: pifont 2005/04/12 PSNFSS-v9.2a Pi font support (SPQR) 
LaTeX Font Info:    Trying to load font information for U+pzd on input line 63.
 (d:/texlive 2020/texlive/2020/texmf-dist/tex/latex/psnfss/upzd.fd
File: upzd.fd 2001/06/04 font definitions for U/pzd.
)
LaTeX Font Info:    Trying to load font information for U+psy on input line 64.
 (d:/texlive 2020/texlive/2020/texmf-dist/tex/latex/psnfss/upsy.fd
File: upsy.fd 2001/06/04 font definitions for U/psy.
)) (d:/texlive 2020/texlive/2020/texmf-dist/tex/latex/typicons/typicons.sty
Package: typicons 2015/05/20 v2.0.7 typicon icons
Missing character: There is no   in font [typicons.ttf]/OT!
Missing character: There is no   in font [typicons.ttf]/OT!
Missing character: There is no   in font [typicons.ttf]/OT:language=dflt;!

Package fontspec Info: Font family 'typicons.ttf(0)' created for font
(fontspec)             'typicons.ttf' with options [].
(fontspec)              
(fontspec)              This font family consists of the following NFSS
(fontspec)             series/shapes:
(fontspec)              
(fontspec)             - 'normal' (m/n) with NFSS spec.:
(fontspec)             <->"[typicons.ttf]/OT:language=dflt;"
(fontspec)             - 'small caps'  (m/sc) with NFSS spec.: 

) (d:/texlive 2020/texlive/2020/texmf-dist/tex/latex/tcolorbox/tcbexternal.code.tex
Library (tcolorbox): 'tcbexternal.code.tex' version '4.22'
(d:/texlive 2020/texlive/2020/texmf-dist/tex/latex/tcolorbox/tcbprocessing.code.tex
Library (tcolorbox): 'tcbprocessing.code.tex' version '4.22'
(d:/texlive 2020/texlive/2020/texmf-dist/tex/latex/tools/shellesc.sty
Package: shellesc 2019/11/08 v1.0c unified shell escape interface for LaTeX
Package shellesc Info: Restricted shell escape enabled on input line 77.
))) (d:/texlive 2020/texlive/2020/texmf-dist/tex/latex/tcolorbox/tcbbreakable.code.tex
Library (tcolorbox): 'tcbbreakable.code.tex' version '4.22'
\tcb@testbox=\box130
\tcb@totalupperbox=\box131
\tcb@totallowerbox=\box132
) (d:/texlive 2020/texlive/2020/texmf-dist/tex/latex/tcolorbox/tcbskins.code.tex
Library (tcolorbox): 'tcbskins.code.tex' version '4.22'
\tcb@waterbox=\box133
(d:/texlive 2020/texlive/2020/texmf-dist/tex/latex/tcolorbox/tcbskinsjigsaw.code.tex
Library (tcolorbox): 'tcbskinsjigsaw.code.tex' version '4.22'
)) (d:/texlive 2020/texlive/2020/texmf-dist/tex/generic/pgf/frontendlayer/tikz/libraries/tikzlibrarypositioning.code.tex
File: tikzlibrarypositioning.code.tex 2020/01/08 v3.1.5b (3.1.5b)
) (d:/texlive 2020/texlive/2020/texmf-dist/tex/generic/pgf/frontendlayer/tikz/libraries/tikzlibraryshapes.misc.code.tex
File: tikzlibraryshapes.misc.code.tex 2020/01/08 v3.1.5b (3.1.5b)
 (d:/texlive 2020/texlive/2020/texmf-dist/tex/generic/pgf/libraries/shapes/pgflibraryshapes.misc.code.tex
File: pgflibraryshapes.misc.code.tex 2020/01/08 v3.1.5b (3.1.5b)
)) (d:/texlive 2020/texlive/2020/texmf-dist/tex/generic/pgf/frontendlayer/tikz/libraries/tikzlibrarydecorations.markings.code.tex (d:/texlive 2020/texlive/2020/texmf-dist/tex/generic/pgf/libraries/decorations/pgflibrarydecorations.markings.code.tex)) (d:/texlive 2020/texlive/2020/texmf-dist/tex/generic/pgf/frontendlayer/tikz/libraries/tikzlibrarycalc.code.tex
File: tikzlibrarycalc.code.tex 2020/01/08 v3.1.5b (3.1.5b)
) (d:/texlive 2020/texlive/2020/texmf-dist/tex/generic/pgf/frontendlayer/tikz/libraries/tikzlibraryintersections.code.tex (d:/texlive 2020/texlive/2020/texmf-dist/tex/generic/pgf/libraries/pgflibraryintersections.code.tex
\pgf@intersect@solutions=\count364
)) (d:/texlive 2020/texlive/2020/texmf-dist/tex/generic/pgf/libraries/pgflibraryarrows.meta.code.tex
File: pgflibraryarrows.meta.code.tex 2020/01/08 v3.1.5b (3.1.5b)
\pgfarrowinset=\dimen363
\pgfarrowlength=\dimen364
\pgfarrowwidth=\dimen365
\pgfarrowlinewidth=\dimen366
) (d:/texlive 2020/texlive/2020/texmf-dist/tex/generic/pgf/frontendlayer/tikz/libraries/graphs/tikzlibrarygraphs.code.tex
File: tikzlibrarygraphs.code.tex 2020/01/08 v3.1.5b (3.1.5b)
\tikz@lib@auto@number=\count365
\tikz@qnode@count=\count366
) (d:/texlive 2020/texlive/2020/texmf-dist/tex/generic/pgf/frontendlayer/tikz/libraries/tikzlibrarydecorations.shapes.code.tex (d:/texlive 2020/texlive/2020/texmf-dist/tex/generic/pgf/libraries/decorations/pgflibrarydecorations.shapes.code.tex)) (d:/texlive 2020/texlive/2020/texmf-dist/tex/latex/tikzmark/tikzlibrarytikzmark.code.tex
\l__sn_x_dim=\dimen367
\l__sn_y_dim=\dimen368
\l__sn_xa_dim=\dimen369
\l__sn_ya_dim=\dimen370
) (d:/texlive 2020/texlive/2020/texmf-dist/tex/generic/pgf/frontendlayer/tikz/libraries/tikzlibraryangles.code.tex
File: tikzlibraryangles.code.tex 2020/01/08 v3.1.5b (3.1.5b)
) (d:/texlive 2020/texlive/2020/texmf-dist/tex/generic/pgf/frontendlayer/tikz/libraries/tikzlibraryquotes.code.tex
File: tikzlibraryquotes.code.tex 2020/01/08 v3.1.5b (3.1.5b)
) (d:/texlive 2020/texlive/2020/texmf-dist/tex/generic/pgf/frontendlayer/tikz/libraries/tikzlibrarypatterns.code.tex
File: tikzlibrarypatterns.code.tex 2020/01/08 v3.1.5b (3.1.5b)
 (d:/texlive 2020/texlive/2020/texmf-dist/tex/generic/pgf/libraries/pgflibrarypatterns.code.tex
File: pgflibrarypatterns.code.tex 2020/01/08 v3.1.5b (3.1.5b)
))

Package geometry Warning: Over-specification in `h'-direction.
    `width' (478.00812pt) is ignored.


Package geometry Warning: Over-specification in `v'-direction.
    `height' (676.04005pt) is ignored.

Package hyperref Info: Option `colorlinks' set `false' on input line 76.

Package fontspec Info: Font family 'TimesNewRoman(0)' created for font 'Times
(fontspec)             New Roman' with options [Ligatures=TeX].
(fontspec)              
(fontspec)              This font family consists of the following NFSS
(fontspec)             series/shapes:
(fontspec)              
(fontspec)             - 'normal' (m/n) with NFSS spec.: <->"Times New
(fontspec)             Roman/OT:script=latn;language=dflt;mapping=tex-text;"
(fontspec)             - 'small caps'  (m/sc) with NFSS spec.: <->"Times New
(fontspec)             Roman/OT:script=latn;language=dflt;+smcp;mapping=tex-text;"
(fontspec)             - 'bold' (b/n) with NFSS spec.: <->"Times New
(fontspec)             Roman/B/OT:script=latn;language=dflt;mapping=tex-text;"
(fontspec)             - 'bold small caps'  (b/sc) with NFSS spec.: <->"Times
(fontspec)             New
(fontspec)             Roman/B/OT:script=latn;language=dflt;+smcp;mapping=tex-text;"
(fontspec)             - 'italic' (m/it) with NFSS spec.: <->"Times New
(fontspec)             Roman/I/OT:script=latn;language=dflt;mapping=tex-text;"
(fontspec)             - 'italic small caps'  (m/scit) with NFSS spec.:
(fontspec)             <->"Times New
(fontspec)             Roman/I/OT:script=latn;language=dflt;+smcp;mapping=tex-text;"
(fontspec)             - 'bold italic' (b/it) with NFSS spec.: <->"Times New
(fontspec)             Roman/BI/OT:script=latn;language=dflt;mapping=tex-text;"
(fontspec)             - 'bold italic small caps'  (b/scit) with NFSS spec.:
(fontspec)             <->"Times New
(fontspec)             Roman/BI/OT:script=latn;language=dflt;+smcp;mapping=tex-text;"


Package fontspec Info: Font family 'Georgia(0)' created for font 'Georgia'
(fontspec)             with options [Ligatures=TeX].
(fontspec)              
(fontspec)              This font family consists of the following NFSS
(fontspec)             series/shapes:
(fontspec)              
(fontspec)             - 'normal' (m/n) with NFSS spec.:
(fontspec)             <->"Georgia/OT:script=latn;language=dflt;mapping=tex-text;"
(fontspec)             - 'small caps'  (m/sc) with NFSS spec.:
(fontspec)             <->"Georgia/OT:script=latn;language=dflt;+smcp;mapping=tex-text;"
(fontspec)             - 'bold' (b/n) with NFSS spec.:
(fontspec)             <->"Georgia/B/OT:script=latn;language=dflt;mapping=tex-text;"
(fontspec)             - 'bold small caps'  (b/sc) with NFSS spec.:
(fontspec)             <->"Georgia/B/OT:script=latn;language=dflt;+smcp;mapping=tex-text;"
(fontspec)             - 'italic' (m/it) with NFSS spec.:
(fontspec)             <->"Georgia/I/OT:script=latn;language=dflt;mapping=tex-text;"
(fontspec)             - 'italic small caps'  (m/scit) with NFSS spec.:
(fontspec)             <->"Georgia/I/OT:script=latn;language=dflt;+smcp;mapping=tex-text;"
(fontspec)             - 'bold italic' (b/it) with NFSS spec.:
(fontspec)             <->"Georgia/BI/OT:script=latn;language=dflt;mapping=tex-text;"
(fontspec)             - 'bold italic small caps'  (b/scit) with NFSS spec.:
(fontspec)             <->"Georgia/BI/OT:script=latn;language=dflt;+smcp;mapping=tex-text;"


Package fontspec Info: Font family 'Arial(0)' created for font 'Arial' with
(fontspec)             options
(fontspec)             [WordSpace={1,0,0},HyphenChar=None,PunctuationSpace=WordSpace].
(fontspec)              
(fontspec)              This font family consists of the following NFSS
(fontspec)             series/shapes:
(fontspec)              
(fontspec)             - 'normal' (m/n) with NFSS spec.:
(fontspec)             <->"Arial/OT:script=latn;language=dflt;"
(fontspec)             - 'small caps'  (m/sc) with NFSS spec.:
(fontspec)             <->"Arial/OT:script=latn;language=dflt;+smcp;"
(fontspec)             and font adjustment code:
(fontspec)             \fontdimen 2\font =1\fontdimen 2\font \fontdimen 3\font
(fontspec)             =0\fontdimen 3\font \fontdimen 4\font =0\fontdimen
(fontspec)             4\font \fontdimen 7\font =0\fontdimen 2\font
(fontspec)             \tex_hyphenchar:D \font =-1\scan_stop: 
(fontspec)             - 'bold' (b/n) with NFSS spec.:
(fontspec)             <->"Arial/B/OT:script=latn;language=dflt;"
(fontspec)             - 'bold small caps'  (b/sc) with NFSS spec.:
(fontspec)             <->"Arial/B/OT:script=latn;language=dflt;+smcp;"
(fontspec)             and font adjustment code:
(fontspec)             \fontdimen 2\font =1\fontdimen 2\font \fontdimen 3\font
(fontspec)             =0\fontdimen 3\font \fontdimen 4\font =0\fontdimen
(fontspec)             4\font \fontdimen 7\font =0\fontdimen 2\font
(fontspec)             \tex_hyphenchar:D \font =-1\scan_stop: 
(fontspec)             - 'italic' (m/it) with NFSS spec.:
(fontspec)             <->"Arial/I/OT:script=latn;language=dflt;"
(fontspec)             - 'italic small caps'  (m/scit) with NFSS spec.:
(fontspec)             <->"Arial/I/OT:script=latn;language=dflt;+smcp;"
(fontspec)             and font adjustment code:
(fontspec)             \fontdimen 2\font =1\fontdimen 2\font \fontdimen 3\font
(fontspec)             =0\fontdimen 3\font \fontdimen 4\font =0\fontdimen
(fontspec)             4\font \fontdimen 7\font =0\fontdimen 2\font
(fontspec)             \tex_hyphenchar:D \font =-1\scan_stop: 
(fontspec)             - 'bold italic' (b/it) with NFSS spec.:
(fontspec)             <->"Arial/BI/OT:script=latn;language=dflt;"
(fontspec)             - 'bold italic small caps'  (b/scit) with NFSS spec.:
(fontspec)             <->"Arial/BI/OT:script=latn;language=dflt;+smcp;"
(fontspec)             and font adjustment code:
(fontspec)             \fontdimen 2\font =1\fontdimen 2\font \fontdimen 3\font
(fontspec)             =0\fontdimen 3\font \fontdimen 4\font =0\fontdimen
(fontspec)             4\font \fontdimen 7\font =0\fontdimen 2\font
(fontspec)             \tex_hyphenchar:D \font =-1\scan_stop: 

\c@tcb@cnt@definition=\count367
\c@tcb@cnt@liti=\count368
\c@tcb@cnt@examp=\count369
\c@tcb@cnt@ttheorem=\count370
(./Notes for Mathematics.aux (./preface.aux) (./analysis.aux) (./algebra.aux) (./probility.aux

LaTeX Warning: Label `qicifc' multiply defined.

))
\openout1 = `"Notes for Mathematics.aux"'.

LaTeX Font Info:    Checking defaults for OML/cmm/m/it on input line 197.
LaTeX Font Info:    ... okay on input line 197.
LaTeX Font Info:    Checking defaults for OMS/cmsy/m/n on input line 197.
LaTeX Font Info:    ... okay on input line 197.
LaTeX Font Info:    Checking defaults for OT1/cmr/m/n on input line 197.
LaTeX Font Info:    ... okay on input line 197.
LaTeX Font Info:    Checking defaults for T1/cmr/m/n on input line 197.
LaTeX Font Info:    ... okay on input line 197.
LaTeX Font Info:    Checking defaults for TS1/cmr/m/n on input line 197.
LaTeX Font Info:    ... okay on input line 197.
LaTeX Font Info:    Checking defaults for TU/lmr/m/n on input line 197.
LaTeX Font Info:    ... okay on input line 197.
LaTeX Font Info:    Checking defaults for OMX/cmex/m/n on input line 197.
LaTeX Font Info:    ... okay on input line 197.
LaTeX Font Info:    Checking defaults for U/cmr/m/n on input line 197.
LaTeX Font Info:    ... okay on input line 197.
LaTeX Font Info:    Checking defaults for PD1/pdf/m/n on input line 197.
LaTeX Font Info:    ... okay on input line 197.
LaTeX Font Info:    Checking defaults for PU/pdf/m/n on input line 197.
LaTeX Font Info:    ... okay on input line 197.
 ABD: EverySelectfont initializing macros
LaTeX Info: Redefining \selectfont on input line 197.

Package fontspec Info: Adjusting the maths setup (use [no-math] to avoid
(fontspec)             this).

\symlegacymaths=\mathgroup9
LaTeX Font Info:    Overwriting symbol font `legacymaths' in version `bold'
(Font)                  OT1/cmr/m/n --> OT1/cmr/bx/n on input line 197.
LaTeX Font Info:    Redeclaring math accent \acute on input line 197.
LaTeX Font Info:    Redeclaring math accent \grave on input line 197.
LaTeX Font Info:    Redeclaring math accent \ddot on input line 197.
LaTeX Font Info:    Redeclaring math accent \tilde on input line 197.
LaTeX Font Info:    Redeclaring math accent \bar on input line 197.
LaTeX Font Info:    Redeclaring math accent \breve on input line 197.
LaTeX Font Info:    Redeclaring math accent \check on input line 197.
LaTeX Font Info:    Redeclaring math accent \hat on input line 197.
LaTeX Font Info:    Redeclaring math accent \dot on input line 197.
LaTeX Font Info:    Redeclaring math accent \mathring on input line 197.
LaTeX Font Info:    Redeclaring math symbol \Gamma on input line 197.
LaTeX Font Info:    Redeclaring math symbol \Delta on input line 197.
LaTeX Font Info:    Redeclaring math symbol \Theta on input line 197.
LaTeX Font Info:    Redeclaring math symbol \Lambda on input line 197.
LaTeX Font Info:    Redeclaring math symbol \Xi on input line 197.
LaTeX Font Info:    Redeclaring math symbol \Pi on input line 197.
LaTeX Font Info:    Redeclaring math symbol \Sigma on input line 197.
LaTeX Font Info:    Redeclaring math symbol \Upsilon on input line 197.
LaTeX Font Info:    Redeclaring math symbol \Phi on input line 197.
LaTeX Font Info:    Redeclaring math symbol \Psi on input line 197.
LaTeX Font Info:    Redeclaring math symbol \Omega on input line 197.
LaTeX Font Info:    Redeclaring math symbol \mathdollar on input line 197.
LaTeX Font Info:    Redeclaring symbol font `operators' on input line 197.
LaTeX Font Info:    Encoding `OT1' has changed to `TU' for symbol font
(Font)              `operators' in the math version `normal' on input line 197.
LaTeX Font Info:    Overwriting symbol font `operators' in version `normal'
(Font)                  OT1/cmr/m/n --> TU/TimesNewRoman(0)/m/n on input line 197.
LaTeX Font Info:    Encoding `OT1' has changed to `TU' for symbol font
(Font)              `operators' in the math version `bold' on input line 197.
LaTeX Font Info:    Overwriting symbol font `operators' in version `bold'
(Font)                  OT1/cmr/bx/n --> TU/TimesNewRoman(0)/m/n on input line 197.
LaTeX Font Info:    Overwriting symbol font `operators' in version `normal'
(Font)                  TU/TimesNewRoman(0)/m/n --> TU/TimesNewRoman(0)/m/n on input line 197.
LaTeX Font Info:    Overwriting math alphabet `\mathit' in version `normal'
(Font)                  OT1/cmr/m/it --> TU/TimesNewRoman(0)/m/it on input line 197.
LaTeX Font Info:    Overwriting math alphabet `\mathbf' in version `normal'
(Font)                  OT1/cmr/bx/n --> TU/TimesNewRoman(0)/b/n on input line 197.
LaTeX Font Info:    Overwriting math alphabet `\mathsf' in version `normal'
(Font)                  OT1/cmss/m/n --> TU/Georgia(0)/m/n on input line 197.
LaTeX Font Info:    Overwriting math alphabet `\mathtt' in version `normal'
(Font)                  OT1/cmtt/m/n --> TU/Arial(0)/m/n on input line 197.
LaTeX Font Info:    Overwriting symbol font `operators' in version `bold'
(Font)                  TU/TimesNewRoman(0)/m/n --> TU/TimesNewRoman(0)/b/n on input line 197.
LaTeX Font Info:    Overwriting math alphabet `\mathit' in version `bold'
(Font)                  OT1/cmr/bx/it --> TU/TimesNewRoman(0)/b/it on input line 197.
LaTeX Font Info:    Overwriting math alphabet `\mathsf' in version `bold'
(Font)                  OT1/cmss/bx/n --> TU/Georgia(0)/b/n on input line 197.
LaTeX Font Info:    Overwriting math alphabet `\mathtt' in version `bold'
(Font)                  OT1/cmtt/m/n --> TU/Arial(0)/b/n on input line 197.

*geometry* driver: auto-detecting
*geometry* detected driver: xetex
*geometry* verbose mode - [ preamble ] result:
* driver: xetex
* paper: a4paper
* layout: <same size as paper>
* layoutoffset:(h,v)=(0.0pt,0.0pt)
* hratio: 1:1
* vratio: 1:1
* modes: 
* h-part:(L,W,R)=(56.9055pt, 483.69687pt, 56.9055pt)
* v-part:(T,H,B)=(71.13188pt, 717.00946pt, 56.9055pt)
* \paperwidth=597.50787pt
* \paperheight=845.04684pt
* \textwidth=483.69687pt
* \textheight=717.00946pt
* \oddsidemargin=-15.36449pt
* \evensidemargin=-15.36449pt
* \topmargin=-38.1381pt
* \headheight=12.0pt
* \headsep=25.0pt
* \topskip=10.0pt
* \footskip=30.0pt
* \marginparwidth=65.0pt
* \marginparsep=11.0pt
* \columnsep=10.0pt
* \skip\footins=9.0pt plus 4.0pt minus 2.0pt
* \hoffset=0.0pt
* \voffset=0.0pt
* \mag=1000
* \@twocolumnfalse
* \@twosidefalse
* \@mparswitchfalse
* \@reversemarginfalse
* (1in=72.27pt=25.4mm, 1cm=28.453pt)

ABD: EveryShipout initializing macros

Package pgfplots Warning: running in backwards compatibility mode (unsuitable tick labels; missing features). Consider writing \pgfplotsset{compat=1.17} into your preamble.
 on input line 197.

Package caption Info: Begin \AtBeginDocument code.
Package caption Info: hyperref package is loaded.
Package caption Info: End \AtBeginDocument code.
\AtBeginShipoutBox=\box134
(d:/texlive 2020/texlive/2020/texmf-dist/tex/latex/pdflscape/pdflscape.sty
Package: pdflscape 2019/12/05 v0.12 Display of landscape pages in PDF (HO)
 (d:/texlive 2020/texlive/2020/texmf-dist/tex/latex/graphics/lscape.sty
Package: lscape 2000/10/22 v3.01 Landscape Pages (DPC)
)
Package pdflscape Info: Auto-detected driver: dvipdfm (xetex) on input line 98.
)
Package hyperref Info: Link coloring OFF on input line 197.
 (d:/texlive 2020/texlive/2020/texmf-dist/tex/latex/hyperref/nameref.sty
Package: nameref 2019/09/16 v2.46 Cross-referencing by name of section
 (d:/texlive 2020/texlive/2020/texmf-dist/tex/latex/refcount/refcount.sty
Package: refcount 2019/12/15 v3.6 Data extraction from label references (HO)
) (d:/texlive 2020/texlive/2020/texmf-dist/tex/generic/gettitlestring/gettitlestring.sty
Package: gettitlestring 2019/12/15 v1.6 Cleanup title references (HO)
)
\c@section@level=\count371
)
LaTeX Info: Redefining \ref on input line 197.
LaTeX Info: Redefining \pageref on input line 197.
LaTeX Info: Redefining \nameref on input line 197.
 (./Notes for Mathematics.out) (./Notes for Mathematics.out)
\@outlinefile=\write7
\openout7 = `"Notes for Mathematics.out"'.

File: 123.pdf Graphic file (type pdf)
<use 123.pdf>
File: 123.pdf Graphic file (type pdf)
<use 123.pdf>
File: 123.pdf Graphic file (type pdf)
<use 123.pdf, page 1>
File: 123.pdf Graphic file (type pdf)
<use 123.pdf, page 1>
File: 123.pdf Graphic file (type pdf)
<use 123.pdf, page 1>
File: 123.pdf Graphic file (type pdf)
<use 123.pdf, page 1>
File: 123.pdf Graphic file (type pdf)
<use 123.pdf, page 1>
 [1

]
LaTeX Font Info:    Trying to load font information for U+msa on input line 201.
 (d:/texlive 2020/texlive/2020/texmf-dist/tex/latex/amsfonts/umsa.fd
File: umsa.fd 2013/01/14 v3.01 AMS symbols A
)
LaTeX Font Info:    Trying to load font information for U+msb on input line 201.
 (d:/texlive 2020/texlive/2020/texmf-dist/tex/latex/amsfonts/umsb.fd
File: umsb.fd 2013/01/14 v3.01 AMS symbols B
)
LaTeX Font Info:    Font shape `U/ccicons/m/n' will be
(Font)              scaled to size 18.06749pt on input line 201.
 (./Notes for Mathematics.toc [2]
LaTeX Font Info:    Font shape `TU/TimesNewRoman(0)/m/sl' in size <10.53937> not available
(Font)              Font shape `TU/TimesNewRoman(0)/m/it' tried instead on input line 76.
 [3])
\tf@toc=\write8
\openout8 = `"Notes for Mathematics.toc"'.

 [4]
\openout2 = `preface.aux'.

 (./preface.tex

Package fontspec Info: Could not resolve font "SimHei/BI" (it probably doesn't
(fontspec)             exist).


Package fontspec Info: Could not resolve font "SimHei/B" (it probably doesn't
(fontspec)             exist).


Package fontspec Info: Could not resolve font "SimHei/I" (it probably doesn't
(fontspec)             exist).


Package fontspec Info: Font family 'SimHei(0)' created for font 'SimHei' with
(fontspec)             options [Script={CJK}].
(fontspec)              
(fontspec)              This font family consists of the following NFSS
(fontspec)             series/shapes:
(fontspec)              
(fontspec)             - 'normal' (m/n) with NFSS spec.:
(fontspec)             <->"SimHei/OT:script=hani;language=dflt;"
(fontspec)             - 'small caps'  (m/sc) with NFSS spec.: 



LaTeX Font Warning: Font shape `TU/SimHei(0)/b/n' undefined
(Font)              using `TU/SimHei(0)/m/n' instead on input line 4.

)
LaTeX Font Info:    Font shape `TU/SimSun(0)/m/sl' in size <10.53937> not available
(Font)              Font shape `TU/SimSun(0)/m/it' tried instead on input line 204.
 [5

]
\openout2 = `analysis.aux'.

 (./analysis.tex
Overfull \hbox (11.11298pt too wide) in paragraph at lines 2--2
[] 
 []


Overfull \hbox (13.37141pt too wide) in paragraph at lines 3--3
[] 
 []

[6


]
Overfull \hbox (13.37141pt too wide) in paragraph at lines 45--45
[] 
 []


Overfull \hbox (13.37141pt too wide) in paragraph at lines 68--68
[] 
 []

[7]
Overfull \hbox (13.37141pt too wide) in paragraph at lines 128--128
[] 
 []

Missing character: There is no   in font [typicons.ttf]/OT:language=dflt;!

Overfull \hbox (13.37141pt too wide) in paragraph at lines 154--154
[] 
 []

[8] [9]
Overfull \hbox (11.11298pt too wide) in paragraph at lines 211--211
[] 
 []


Overfull \hbox (13.37141pt too wide) in paragraph at lines 212--212
[] 
 []

[10] [11]
Underfull \hbox (badness 1917) in paragraph at lines 333--335
\OT1/cmr/m/n/12.045 = [][] 2\OML/cmm/m/it/12.045 x \OMS/cmsy/m/n/12.045 ^^A [][] ^^@[][][]$\TU/TimesNewRoman(0)/m/n/12.045 , \TU/SimSun(0)/m/n/12.045 换 元\TU/TimesNewRoman(0)/m/n/12.045 , \TU/SimSun(0)/m/n/12.045 令 $\OML/cmm/m/it/12.045 t \OT1/cmr/m/n/12.045 = []$\TU/TimesNewRoman(0)/m/n/12.045 , \TU/SimSun(0)/m/n/12.045 得 $\OMS/cmsy/m/n/12.045 ^^@\OT1/cmr/m/n/12.045 2 [][] \OML/cmm/m/it/12.045 t[][][] \OT1/cmr/m/n/12.045 =
 []


Overfull \hbox (13.37141pt too wide) in paragraph at lines 339--339
[] 
 []


Overfull \hbox (23.64641pt too wide) in paragraph at lines 352--354
\TU/SimSun(0)/m/n/12.045 分 别 求 极 限\TU/TimesNewRoman(0)/m/n/12.045 . \TU/SimSun(0)/m/n/12.045 注 意！|  这 里 不 能 直 接 认 为 $[][] [] \OT1/cmr/m/n/12.045 = [][] []$\TU/TimesNewRoman(0)/m/n/12.045 , \TU/SimSun(0)/m/n/12.045 因 为 当 $[][] \OML/cmm/m/it/12.045 h\OT1/cmr/m/n/12.045 (\OML/cmm/m/it/12.045 x\OT1/cmr/m/n/12.045 ) =
 []


Overfull \hbox (13.37141pt too wide) in paragraph at lines 358--358
[] 
 []

[12]
Overfull \hbox (13.37141pt too wide) in paragraph at lines 386--386
[] 
 []


Overfull \hbox (1.13841pt too wide) in paragraph at lines 389--390
[][] \TU/SimSun(0)/m/n/12.045 极 限 的 唯 一 性\TU/TimesNewRoman(0)/m/n/12.045 : \TU/SimSun(0)/m/n/12.045 若 有 $[][] \OML/cmm/m/it/12.045 f\OT1/cmr/m/n/12.045 (\OML/cmm/m/it/12.045 x\OT1/cmr/m/n/12.045 )$ \TU/SimSun(0)/m/n/12.045 存 在\TU/TimesNewRoman(0)/m/n/12.045 , \TU/SimSun(0)/m/n/12.045 那 么 $[][] \OML/cmm/m/it/12.045 f\OT1/cmr/m/n/12.045 (\OML/cmm/m/it/12.045 x\OT1/cmr/m/n/12.045 ) = [][] \OML/cmm/m/it/12.045 f\OT1/cmr/m/n/12.045 (\OML/cmm/m/it/12.045 x\OT1/cmr/m/n/12.045 ) = [][] \OML/cmm/m/it/12.045 f\OT1/cmr/m/n/12.045 (\OML/cmm/m/it/12.045 x\OT1/cmr/m/n/12.045 )\OML/cmm/m/it/12.045 :$ 
 []


Overfull \hbox (13.37141pt too wide) in paragraph at lines 406--406
[] 
 []

[13]
Overfull \hbox (15.6618pt too wide) in paragraph at lines 428--429
\TU/SimSun(0)/m/n/12.045 线 要 关 注 函 数 在 定 义 域 内 $\OML/cmm/m/it/12.045 x \OMS/cmsy/m/n/12.045 ! \OT1/cmr/m/n/12.045 +\OMS/cmsy/m/n/12.045 1\OML/cmm/m/it/12.045 ; x \OMS/cmsy/m/n/12.045 ! ^^@1$ \TU/SimSun(0)/m/n/12.045 时 的 情 况\TU/TimesNewRoman(0)/m/n/12.045 ; \TU/SimSun(0)/m/n/12.045 若 $[][] [] \OT1/cmr/m/n/12.045 = \OML/cmm/m/it/12.045 a; [][] [] \OT1/cmr/m/n/12.045 =
 []


Overfull \hbox (11.11298pt too wide) in paragraph at lines 443--443
[] 
 []

[14] [15]
Overfull \hbox (13.37141pt too wide) in paragraph at lines 549--549
[] 
 []

[16]
Overfull \hbox (13.37141pt too wide) in paragraph at lines 556--556
[] 
 []


Overfull \hbox (13.37141pt too wide) in paragraph at lines 591--591
[] 
 []

[17]
Overfull \hbox (13.37141pt too wide) in paragraph at lines 603--603
[] 
 []

[18]
Overfull \hbox (13.37141pt too wide) in paragraph at lines 687--687
[] 
 []

[19]
Overfull \hbox (11.11298pt too wide) in paragraph at lines 705--705
[] 
 []


Overfull \hbox (13.37141pt too wide) in paragraph at lines 706--706
[] 
 []

[20] [21] [22]
Underfull \hbox (badness 1661) in paragraph at lines 900--901
[]\TU/SimSun(0)/m/n/12.045 法 二\TU/TimesNewRoman(0)/m/n/12.045 , \TU/SimSun(0)/m/n/12.045 换 元\TU/TimesNewRoman(0)/m/n/12.045 , \TU/SimSun(0)/m/n/12.045 使 之 能 够 使 用 二 倍 角 公 式\TU/TimesNewRoman(0)/m/n/12.045 : \TU/SimSun(0)/m/n/12.045 令 $\OML/cmm/m/it/12.045 x \OT1/cmr/m/n/12.045 = 2\OML/cmm/m/it/12.045 t; [][] [] [] x []x \OT1/cmr/m/n/12.045 = [][] [] [] 2\OML/cmm/m/it/12.045 t []t \OT1/cmr/m/n/12.045 =
 []

[23] [24]
Overfull \hbox (18.65733pt too wide) in paragraph at lines 981--982
[] [] [] []\OML/cmm/m/it/12.045 x \OT1/cmr/m/n/12.045 = [] [] []\OML/cmm/m/it/12.045 :$ \TU/SimSun(0)/m/n/12.045 题 \TU/TimesNewRoman(0)/m/n/12.045 27 \TU/SimSun(0)/m/n/12.045 应 与 题 \TU/TimesNewRoman(0)/m/n/12.045 16,28 \TU/SimSun(0)/m/n/12.045 对 照 起 来 看 $[] [] []\OML/cmm/m/it/12.045 x \OT1/cmr/m/n/12.045 = [] []  []\OML/cmm/m/it/12.045 x \OT1/cmr/m/n/12.045 =
 []

[25]
Overfull \hbox (31.63936pt too wide) in paragraph at lines 1005--1006
[]\TU/SimSun(0)/m/n/12.045 形 式 三 凑 出 的 分 母 只 有 $[] [] []\OML/cmm/m/it/12.045 '\OT1/cmr/m/n/12.045 (\OML/cmm/m/it/12.045 x\OT1/cmr/m/n/12.045 )$ \TU/SimSun(0)/m/n/12.045 两 种 情 形\TU/TimesNewRoman(0)/m/n/12.045 , \TU/SimSun(0)/m/n/12.045 对 于 $[] [] []\OML/cmm/m/it/12.045 '\OT1/cmr/m/n/12.045 (\OML/cmm/m/it/12.045 x\OT1/cmr/m/n/12.045 ) = [] [] []\OML/cmm/m/it/12.045 '\OT1/cmr/m/n/12.045 (\OML/cmm/m/it/12.045 x\OT1/cmr/m/n/12.045 ) =
 []


Overfull \hbox (19.01463pt too wide) in paragraph at lines 1005--1006
[] [] \OML/cmm/m/it/12.045 '\OT1/cmr/m/n/12.045 (\OML/cmm/m/it/12.045 x\OT1/cmr/m/n/12.045 ) + \OML/cmm/m/it/12.045 C$\TU/TimesNewRoman(0)/m/n/12.045 . \TU/SimSun(0)/m/n/12.045 对 于 $[] [] []\OML/cmm/m/it/12.045 '\OT1/cmr/m/n/12.045 (\OML/cmm/m/it/12.045 x\OT1/cmr/m/n/12.045 ) = [] [] []\OML/cmm/m/it/12.045 '\OT1/cmr/m/n/12.045 (\OML/cmm/m/it/12.045 x\OT1/cmr/m/n/12.045 ) = [] [] []  []\OML/cmm/m/it/12.045 '\OT1/cmr/m/n/12.045 (\OML/cmm/m/it/12.045 x\OT1/cmr/m/n/12.045 ) =
 []


Overfull \hbox (14.72328pt too wide) in paragraph at lines 1007--1010
\TU/SimSun(0)/m/n/12.045 考  |“常 用 的 几 种 积 分 方 法”|  的 第 一 题\TU/TimesNewRoman(0)/m/n/12.045 , \TU/SimSun(0)/m/n/12.045 用 三 角 换 元\TU/TimesNewRoman(0)/m/n/12.045 , \TU/SimSun(0)/m/n/12.045 令 $\OML/cmm/m/it/12.045 '\OT1/cmr/m/n/12.045 (\OML/cmm/m/it/12.045 x\OT1/cmr/m/n/12.045 ) = \OML/cmm/m/it/12.045 a [] t$ \TU/SimSun(0)/m/n/12.045 即 可\TU/TimesNewRoman(0)/m/n/12.045 . \TU/SimSun(0)/m/n/12.045 对 于 $[] [] []\OML/cmm/m/it/12.045 '\OT1/cmr/m/n/12.045 (\OML/cmm/m/it/12.045 x\OT1/cmr/m/n/12.045 ) =
 []

[26]
Overfull \hbox (13.37141pt too wide) in paragraph at lines 1035--1035
[] 
 []


Overfull \hbox (13.37141pt too wide) in paragraph at lines 1060--1060
[] 
 []

[27]
Overfull \hbox (13.37141pt too wide) in paragraph at lines 1110--1110
[] 
 []


Overfull \hbox (13.37141pt too wide) in paragraph at lines 1145--1145
[] 
 []

[28]
Overfull \hbox (11.11298pt too wide) in paragraph at lines 1189--1189
[] 
 []

[29] [30]
Overfull \hbox (11.11298pt too wide) in paragraph at lines 1272--1272
[] 
 []


Overfull \hbox (13.37141pt too wide) in paragraph at lines 1280--1280
[] 
 []

[31]
Overfull \hbox (13.37141pt too wide) in paragraph at lines 1303--1303
[] 
 []


Overfull \hbox (13.37141pt too wide) in paragraph at lines 1338--1338
[] 
 []

[32]
Overfull \hbox (13.37141pt too wide) in paragraph at lines 1359--1359
[] 
 []


LaTeX Warning: No positions in optional float specifier.
               Default added (so using `tbp') on input line 1399.

[33]

Package fontspec Info: Could not resolve font "KaiTi/BI" (it probably doesn't
(fontspec)             exist).


Package fontspec Info: Could not resolve font "KaiTi/B" (it probably doesn't
(fontspec)             exist).


Package fontspec Info: Could not resolve font "KaiTi/I" (it probably doesn't
(fontspec)             exist).


Package fontspec Info: Font family 'KaiTi(0)' created for font 'KaiTi' with
(fontspec)             options [Script={CJK}].
(fontspec)              
(fontspec)              This font family consists of the following NFSS
(fontspec)             series/shapes:
(fontspec)              
(fontspec)             - 'normal' (m/n) with NFSS spec.:
(fontspec)             <->"KaiTi/OT:script=hani;language=dflt;"
(fontspec)             - 'small caps'  (m/sc) with NFSS spec.: 


Overfull \hbox (13.37141pt too wide) in paragraph at lines 1443--1443
[] 
 []


Package hyperref Warning: Token not allowed in a PDF string (Unicode):
(hyperref)                removing `math shift' on input line 1443.


Package hyperref Warning: Token not allowed in a PDF string (Unicode):
(hyperref)                removing `math shift' on input line 1443.

[34]
Overfull \hbox (14.27704pt too wide) in paragraph at lines 1453--1454
[]\TU/SimSun(0)/m/n/12.045 特 征 根 是 $\OML/cmm/m/it/12.045 k$ \TU/SimSun(0)/m/n/12.045 个 相 同 的 复 根 $\OML/cmm/m/it/12.045 ^^K \OMS/cmsy/m/n/12.045 ^^F \OML/cmm/m/it/12.045 ^^L[]$ \TU/SimSun(0)/m/n/12.045 时\TU/TimesNewRoman(0)/m/n/12.045 , \TU/SimSun(0)/m/n/12.045 微 分 方 程 的 通 解 中 有 $\OML/cmm/m/it/12.045 e[]\OT1/cmr/m/n/12.045 [(\OML/cmm/m/it/12.045 C[] \OT1/cmr/m/n/12.045 + \OML/cmm/m/it/12.045 C[]x \OT1/cmr/m/n/12.045 + [] + \OML/cmm/m/it/12.045 C[]x[]\OT1/cmr/m/n/12.045 ) [] \OML/cmm/m/it/12.045 ^^Lx \OT1/cmr/m/n/12.045 +
 []


Overfull \hbox (11.11298pt too wide) in paragraph at lines 1456--1456
[] 
 []


Overfull \hbox (13.37141pt too wide) in paragraph at lines 1457--1457
[] 
 []


Overfull \hbox (13.37141pt too wide) in paragraph at lines 1470--1470
[] 
 []


Overfull \hbox (13.37141pt too wide) in paragraph at lines 1476--1476
[] 
 []

[35]
Overfull \hbox (11.11298pt too wide) in paragraph at lines 1485--1485
[] 
 []


Overfull \hbox (13.37141pt too wide) in paragraph at lines 1486--1486
[] 
 []


Overfull \hbox (45.69038pt too wide) in paragraph at lines 1514--1515
\TU/SimSun(0)/m/n/12.045 和 公 式 计 算\TU/TimesNewRoman(0)/m/n/12.045 . \TU/SimSun(0)/m/n/12.045 譬 如 对 于 $[][] \OML/cmm/m/it/12.045 aq[]$ \TU/SimSun(0)/m/n/12.045 可 以 化 成 $[][] \OML/cmm/m/it/12.045 a\OT1/cmr/m/n/12.045 (\OML/cmm/m/it/12.045 q[]\OT1/cmr/m/n/12.045 )[]$ \TU/SimSun(0)/m/n/12.045 或 者 $[][] \OML/cmm/m/it/12.045 S\OT1/cmr/m/n/12.045 (\OML/cmm/m/it/12.045 n\OT1/cmr/m/n/12.045 ) = [][] [] =
 []

[36] [37]
Overfull \hbox (6.6968pt too wide) in paragraph at lines 1600--1601
[]\TU/SimSun(0)/m/n/12.045 如 果 用 比 较 判 别 法 或 根 值 判 别 法 判 定 级 数 $[][] []$ 发 散\TU/TimesNewRoman(0)/m/n/12.045 , \TU/SimSun(0)/m/n/12.045 那 么 我 们 可 以 断 定 级 数 $[][] \OML/cmm/m/it/12.045 u[]$
 []


Overfull \hbox (14.78194pt too wide) in paragraph at lines 1600--1601
\TU/SimSun(0)/m/n/12.045 也 发 散\TU/TimesNewRoman(0)/m/n/12.045 . \TU/SimSun(0)/m/n/12.045 这 是 因 为 比 较 判 别 法 或 根 值 判 别 法 证 明 级 数 发 散 要 求 $[][] [] \OMS/cmsy/m/n/12.045 6\OT1/cmr/m/n/12.045 = 0$\TU/TimesNewRoman(0)/m/n/12.045 , \TU/SimSun(0)/m/n/12.045 所 以 $[][] \OML/cmm/m/it/12.045 u[] \OMS/cmsy/m/n/12.045 6\OT1/cmr/m/n/12.045 =
 []


Overfull \hbox (13.37141pt too wide) in paragraph at lines 1618--1618
[] 
 []

[38] [39]
Overfull \hbox (13.37141pt too wide) in paragraph at lines 1706--1706
[] 
 []

[40]) [41]
\openout2 = `algebra.aux'.

 (./algebra.tex
Overfull \hbox (11.11298pt too wide) in paragraph at lines 2--2
[] 
 []

[42


]
Underfull \hbox (badness 1442) in paragraph at lines 95--103
[][] \TU/SimSun(0)/m/n/12.045 将 除 了 主 对 角 线 以 外 的 $\OT1/cmr/m/n/12.045 1$ \TU/SimSun(0)/m/n/12.045 看 成 $\OT1/cmr/m/n/12.045 1 + 0$\TU/TimesNewRoman(0)/m/n/12.045 , \TU/SimSun(0)/m/n/12.045 这 样 行 列 式 每 列 都 由 两 个 子 列 组 成\TU/TimesNewRoman(0)/m/n/12.045 .$\OML/cmm/m/it/12.045 D \OT1/cmr/m/n/12.045 =
 []

[43] [44] [45]
Overfull \hbox (11.11298pt too wide) in paragraph at lines 387--387
[] 
 []

[46]
Overfull \hbox (14.2047pt too wide) detected at line 448
[] \OT1/cmr/m/n/12.045 = [] \OML/cmm/m/it/12.045 ; [] \OT1/cmr/m/n/12.045 = [] \OML/cmm/m/it/12.045 ; [][] \OT1/cmr/m/n/12.045 = []
 []

[47]
Overfull \hbox (13.37141pt too wide) in paragraph at lines 480--480
[] 
 []

[48] [49]
Overfull \hbox (13.37141pt too wide) in paragraph at lines 600--600
[] 
 []

[50] [51]
Overfull \hbox (13.37141pt too wide) in paragraph at lines 705--705
[] 
 []

[52]
Overfull \hbox (13.37141pt too wide) in paragraph at lines 826--826
[] 
 []

[53]
Overfull \hbox (11.11298pt too wide) in paragraph at lines 875--875
[] 
 []

[54] [55]
Overfull \hbox (13.37141pt too wide) in paragraph at lines 969--969
[] 
 []


Overfull \hbox (13.37141pt too wide) in paragraph at lines 985--985
[] 
 []

[56] [57]
Underfull \hbox (badness 6428) in paragraph at lines 1077--1078
[][]\TU/SimSun(0)/b/n/12.045 定 理 \TU/TimesNewRoman(0)/b/n/12.045 56 []\TU/SimSun(0)/m/n/12.045 如 果 向 量 $\OML/cmm/m/it/12.045 ^^L$ \TU/SimSun(0)/m/n/12.045 可 由 向 量 组 $\OML/cmm/m/it/12.045 ^^K[]; ^^K[]; [] ; ^^K[]$ \TU/SimSun(0)/m/n/12.045 线 性 表 示\TU/TimesNewRoman(0)/m/n/12.045 , \TU/SimSun(0)/m/n/12.045 则 $\OML/cmm/m/it/12.045 r\OT1/cmr/m/n/12.045 (\OML/cmm/m/it/12.045 ^^K[]; ^^K[]; [] ; ^^K[]\OT1/cmr/m/n/12.045 ) =
 []


Overfull \hbox (13.37141pt too wide) in paragraph at lines 1085--1085
[] 
 []

[58]
Underfull \hbox (badness 1009) in paragraph at lines 1120--1121
[][]\TU/SimSun(0)/b/n/12.045 定 理 \TU/TimesNewRoman(0)/b/n/12.045 61 []\TU/SimSun(0)/m/n/12.045 全 为 零 向 量 的 向 量 组 的 秩 为 零\TU/TimesNewRoman(0)/m/n/12.045 , \TU/SimSun(0)/m/n/12.045 显 然 有 $\OT1/cmr/m/n/12.045 0 \U/msa/m/n/12.045 6 \OML/cmm/m/it/12.045 r\OT1/cmr/m/n/12.045 (\OML/cmm/m/it/12.045 ^^K[]; ^^K[]; [] ; ^^K[]\OT1/cmr/m/n/12.045 ) \U/msa/m/n/12.045 6 \OML/cmm/m/it/12.045 s$\TU/TimesNewRoman(0)/m/n/12.045 ,[]\TU/SimSun(0)/m/n/12.045 当 且 仅 当
 []


Underfull \hbox (badness 10000) in paragraph at lines 1126--1127
[][]\TU/SimSun(0)/b/n/12.045 定 理 \TU/TimesNewRoman(0)/b/n/12.045 63 []\TU/SimSun(0)/m/n/12.045 如 果 向 量 组 $\OML/cmm/m/it/12.045 ^^K[]; ^^K[]; [] ; ^^K[]$ \TU/SimSun(0)/m/n/12.045 可 由 向 量 组 $\OML/cmm/m/it/12.045 ^^L[]; ^^L[]; [] ; ^^L[]$ \TU/SimSun(0)/m/n/12.045 线 性 表 示\TU/TimesNewRoman(0)/m/n/12.045 , \TU/SimSun(0)/m/n/12.045 且 向 量 组
 []


Overfull \hbox (19.40779pt too wide) in paragraph at lines 1131--1132
\TU/SimSun(0)/m/n/12.045 表 示 向 量 组 $\OT1/cmr/m/n/12.045 (\OML/cmm/m/it/12.045 ^^L[]; ^^L[]; [] ; ^^L[]\OT1/cmr/m/n/12.045 )$\TU/TimesNewRoman(0)/m/n/12.045 , \TU/SimSun(0)/m/n/12.045 本 质 上 就 是 线 性 方 程 组 有 解\TU/TimesNewRoman(0)/m/n/12.045 ,$\OT1/cmr/m/n/12.045 (\OML/cmm/m/it/12.045 ^^K[]; ^^K[]; [] ; ^^K[]\OT1/cmr/m/n/12.045 )\OML/cmm/m/it/12.045 x \OT1/cmr/m/n/12.045 = \OML/cmm/m/it/12.045 ^^L[]; \OT1/cmr/m/n/12.045 (\OML/cmm/m/it/12.045 ^^K[]; ^^K[]; [] ; ^^K[]\OT1/cmr/m/n/12.045 )\OML/cmm/m/it/12.045 x \OT1/cmr/m/n/12.045 =
 []


Overfull \hbox (13.37141pt too wide) in paragraph at lines 1133--1133
[] 
 []


Overfull \hbox (11.11298pt too wide) in paragraph at lines 1153--1153
[] 
 []

[59]
Overfull \hbox (13.37141pt too wide) in paragraph at lines 1154--1154
[] 
 []

[60]
Underfull \hbox (badness 3168) in paragraph at lines 1280--1282
\TU/SimSun(0)/m/n/12.045 若 方 程 组 仅 有 零 解\TU/TimesNewRoman(0)/m/n/12.045 , \TU/SimSun(0)/m/n/12.045 则 向 量 组 $\OML/cmm/m/it/12.045 ^^K[]; ^^K[]; [] ; ^^K[]$ \TU/SimSun(0)/m/n/12.045 线 性 无 关；|  若 方 程 组 有 非 零 解\TU/TimesNewRoman(0)/m/n/12.045 , \TU/SimSun(0)/m/n/12.045 则 向 量 组
 []

[61]
Overfull \hbox (13.37141pt too wide) in paragraph at lines 1288--1288
[] 
 []


Underfull \hbox (badness 4805) in paragraph at lines 1309--1310
[][]\TU/SimSun(0)/b/n/12.045 定 理 \TU/TimesNewRoman(0)/b/n/12.045 73 []\TU/SimSun(0)/m/n/12.045 如 果 $\OML/cmm/m/it/12.045 ^^M[]$ \TU/SimSun(0)/m/n/12.045 是 非 齐 次 线 性 方 程 组 的 一 个 解\TU/TimesNewRoman(0)/m/n/12.045 ,$\OML/cmm/m/it/12.045 ^^Q$ \TU/SimSun(0)/m/n/12.045 是 其 导 出 组 的 全 部 解\TU/TimesNewRoman(0)/m/n/12.045 , \TU/SimSun(0)/m/n/12.045 即 $\OML/cmm/m/it/12.045 ^^Q \OT1/cmr/m/n/12.045 =
 []


Overfull \hbox (11.11298pt too wide) in paragraph at lines 1319--1319
[] 
 []

[62]
Overfull \hbox (13.37141pt too wide) in paragraph at lines 1382--1382
[] 
 []

[63]
Overfull \hbox (11.11298pt too wide) in paragraph at lines 1412--1412
[] 
 []


Overfull \hbox (13.37141pt too wide) in paragraph at lines 1438--1438
[] 
 []

[64] [65]
Overfull \hbox (13.37141pt too wide) in paragraph at lines 1547--1547
[] 
 []

[66]) [67]
\openout2 = `probility.aux'.

 (./probility.tex
Overfull \hbox (11.11298pt too wide) in paragraph at lines 3--3
[] 
 []


Overfull \hbox (13.37141pt too wide) in paragraph at lines 4--4
[] 
 []


Overfull \hbox (13.37141pt too wide) in paragraph at lines 35--35
[] 
 []

[68


]
Overfull \hbox (13.37141pt too wide) in paragraph at lines 46--46
[] 
 []

[69] [70]
Overfull \hbox (11.11298pt too wide) in paragraph at lines 151--151
[] 
 []

[71]
Overfull \hbox (13.37141pt too wide) in paragraph at lines 173--173
[] 
 []

[72]
Overfull \hbox (13.37141pt too wide) in paragraph at lines 214--214
[] 
 []

[73]
Overfull \hbox (13.37141pt too wide) in paragraph at lines 268--268
[] 
 []


Overfull \hbox (0.63026pt too wide) in paragraph at lines 279--281
\OML/cmm/m/it/12.045 F\OT1/cmr/m/n/12.045 (+\OMS/cmsy/m/n/12.045 1\OML/cmm/m/it/12.045 ; y\OT1/cmr/m/n/12.045 ) = [][] [][] \OML/cmm/m/it/12.045 f\OT1/cmr/m/n/12.045 (\OML/cmm/m/it/12.045 x; v\OT1/cmr/m/n/12.045 ) []\OML/cmm/m/it/12.045 x []v$\TU/TimesNewRoman(0)/m/n/12.045 , \TU/SimSun(0)/m/n/12.045 边 缘 概 率 密 度 为 $\OML/cmm/m/it/12.045 f[]\OT1/cmr/m/n/12.045 (\OML/cmm/m/it/12.045 x\OT1/cmr/m/n/12.045 ) = \OML/cmm/m/it/12.045 F[]\OT1/cmr/m/n/12.045 (\OML/cmm/m/it/12.045 x\OT1/cmr/m/n/12.045 ) = [][] \OML/cmm/m/it/12.045 f\OT1/cmr/m/n/12.045 (\OML/cmm/m/it/12.045 x; y\OT1/cmr/m/n/12.045 ) []\OML/cmm/m/it/12.045 y; f[]\OT1/cmr/m/n/12.045 (\OML/cmm/m/it/12.045 y\OT1/cmr/m/n/12.045 ) =
 []

[74] [75]
Overfull \hbox (13.37141pt too wide) in paragraph at lines 352--352
[] 
 []

[76]
Overfull \hbox (13.37141pt too wide) in paragraph at lines 374--374
[] 
 []


Overfull \hbox (11.11298pt too wide) in paragraph at lines 389--389
[] 
 []


Overfull \hbox (13.37141pt too wide) in paragraph at lines 390--390
[] 
 []

[77]
Overfull \hbox (13.37141pt too wide) in paragraph at lines 413--413
[] 
 []


Overfull \hbox (13.37141pt too wide) in paragraph at lines 429--429
[] 
 []

[78] [79]
Overfull \hbox (11.11298pt too wide) in paragraph at lines 501--501
[] 
 []

[80]
Overfull \hbox (11.11298pt too wide) in paragraph at lines 542--542
[] 
 []


Overfull \hbox (13.37141pt too wide) in paragraph at lines 543--543
[] 
 []

[81]
Overfull \hbox (13.37141pt too wide) in paragraph at lines 548--548
[] 
 []

[82]
Overfull \hbox (13.37141pt too wide) in paragraph at lines 594--594
[] 
 []

[83]
Overfull \hbox (13.37141pt too wide) in paragraph at lines 658--658
[] 
 []


Overfull \hbox (13.37141pt too wide) in paragraph at lines 663--663
[] 
 []

[84]
Overfull \hbox (13.37141pt too wide) in paragraph at lines 676--676
[] 
 []


LaTeX Warning: No positions in optional float specifier.
               Default added (so using `tbp') on input line 679.

[85] [86

]

LaTeX Warning: No positions in optional float specifier.
               Default added (so using `tbp') on input line 757.

) [87]
Package atveryend Info: Empty hook `BeforeClearDocument' on input line 209.
Package atveryend Info: Empty hook `AfterLastShipout' on input line 209.
 (./Notes for Mathematics.aux (./preface.aux) (./analysis.aux) (./algebra.aux) (./probility.aux))
Package atveryend Info: Empty hook `AtVeryEndDocument' on input line 209.
Package atveryend Info: Executing hook `AtEndAfterFileList' on input line 209.
Package rerunfilecheck Info: File `"Notes for Mathematics".out' has not changed.
(rerunfilecheck)             Checksum: <no file>.


LaTeX Font Warning: Some font shapes were not available, defaults substituted.


LaTeX Warning: There were multiply-defined labels.

 ) 
Here is how much of TeX's memory you used:
 50808 strings out of 479418
 1219120 string characters out of 5882384
 1790675 words of memory out of 5000000
 67395 multiletter control sequences out of 15000+600000
 557813 words of font info for 201 fonts, out of 8000000 for 9000
 1348 hyphenation exceptions out of 8191
 77i,23n,396p,1789b,1517s stack positions out of 5000i,500n,10000p,200000b,80000s

Output written on Notes for Mathematics.pdf (87 pages).
