\BOOKMARK [1][-]{section.1}{\376\377\122\115\212\000}{}% 1
\BOOKMARK [1][-]{section.2}{\376\377\232\330\173\111\145\160\133\146}{}% 2
\BOOKMARK [2][-]{subsection.2.1}{\376\377\122\035\173\111\145\160\133\146\143\320\143\010}{section.2}% 3
\BOOKMARK [3][-]{subsubsection.2.1.1}{\376\377\136\070\165\050\116\011\211\322\121\375\145\160\121\154\137\017}{subsection.2.1}% 4
\BOOKMARK [3][-]{subsubsection.2.1.2}{\376\377\143\222\122\027\176\304\124\010}{subsection.2.1}% 5
\BOOKMARK [3][-]{subsubsection.2.1.3}{\376\377\136\070\211\301\166\204\121\340\171\315\122\035\173\111\121\375\145\160\126\376\120\317\123\312\121\166\140\047\215\050}{subsection.2.1}% 6
\BOOKMARK [3][-]{subsubsection.2.1.4}{\376\377\211\343\145\271\172\013}{subsection.2.1}% 7
\BOOKMARK [3][-]{subsubsection.2.1.5}{\376\377\116\015\173\111\137\017}{subsection.2.1}% 8
\BOOKMARK [2][-]{subsection.2.2}{\376\377\147\201\226\120}{section.2}% 9
\BOOKMARK [3][-]{subsubsection.2.2.1}{\376\377\154\102\123\326\147\201\226\120\166\204\121\340\171\315\221\315\211\201\145\271\154\325}{subsection.2.2}% 10
\BOOKMARK [3][-]{subsubsection.2.2.2}{\376\377\147\201\226\120\166\204\217\320\173\227\154\325\122\031}{subsection.2.2}% 11
\BOOKMARK [3][-]{subsubsection.2.2.3}{\376\377\213\241\173\227\131\004\164\006\142\200\135\347}{subsection.2.2}% 12
\BOOKMARK [3][-]{subsubsection.2.2.4}{\376\377\147\201\226\120\166\204\140\047\215\050}{subsection.2.2}% 13
\BOOKMARK [3][-]{subsubsection.2.2.5}{\376\377\121\375\145\160\166\204\140\047\215\050\000\050\147\201\120\074\060\001\142\320\160\271\060\001\121\371\121\370\140\047\000\051}{subsection.2.2}% 14
\BOOKMARK [2][-]{subsection.2.3}{\376\377\133\374\145\160\116\016\137\256\122\006}{section.2}% 15
\BOOKMARK [3][-]{subsubsection.2.3.1}{\376\377\133\374\145\160\116\016\137\256\122\006\166\204\126\333\122\031\217\320\173\227}{subsection.2.3}% 16
\BOOKMARK [3][-]{subsubsection.2.3.2}{\376\377\232\330\226\066\154\102\133\374\121\154\137\017}{subsection.2.3}% 17
\BOOKMARK [3][-]{subsubsection.2.3.3}{\376\377\116\000\121\103\121\375\145\160\166\204\137\256\122\006}{subsection.2.3}% 18
\BOOKMARK [3][-]{subsubsection.2.3.4}{\376\377\131\032\121\103\121\375\145\160\166\204\137\256\122\006}{subsection.2.3}% 19
\BOOKMARK [3][-]{subsubsection.2.3.5}{\376\377\226\220\121\375\145\160\154\102\133\374}{subsection.2.3}% 20
\BOOKMARK [2][-]{subsection.2.4}{\376\377\171\357\122\006}{section.2}% 21
\BOOKMARK [3][-]{subsubsection.2.4.1}{\376\377\136\070\165\050\171\357\122\006\121\154\137\017}{subsection.2.4}% 22
\BOOKMARK [3][-]{subsubsection.2.4.2}{\376\377\133\232\171\357\122\006\166\204\174\276\170\156\133\232\116\111\000\050\236\316\146\374\171\357\122\006\000\051}{subsection.2.4}% 23
\BOOKMARK [3][-]{subsubsection.2.4.3}{\376\377\133\232\171\357\122\006\166\204\136\224\165\050}{subsection.2.4}% 24
\BOOKMARK [3][-]{subsubsection.2.4.4}{\376\377\145\313\217\154\117\123\166\204\117\123\171\357}{subsection.2.4}% 25
\BOOKMARK [3][-]{subsubsection.2.4.5}{\376\377\116\214\221\315\171\357\122\006}{subsection.2.4}% 26
\BOOKMARK [2][-]{subsection.2.5}{\376\377\116\055\120\074\133\232\164\006}{section.2}% 27
\BOOKMARK [2][-]{subsection.2.6}{\376\377\136\070\137\256\122\006\145\271\172\013}{section.2}% 28
\BOOKMARK [3][-]{subsubsection.2.6.1}{\376\377\123\357\122\006\171\273\123\330\221\317\166\204\137\256\122\006\145\271\172\013}{subsection.2.6}% 29
\BOOKMARK [3][-]{subsubsection.2.6.2}{\376\377\237\120\153\041\145\271\172\013}{subsection.2.6}% 30
\BOOKMARK [3][-]{subsubsection.2.6.3}{\376\377\116\000\226\066\176\277\140\047\137\256\122\006\145\271\172\013}{subsection.2.6}% 31
\BOOKMARK [3][-]{subsubsection.2.6.4}{\376\377\116\214\226\066\136\070\174\373\145\160\176\277\140\047\137\256\122\006\145\271\172\013}{subsection.2.6}% 32
\BOOKMARK [3][-]{subsubsection.2.6.5}{\376\377\000n\226\066\136\070\174\373\145\160\237\120\153\041\176\277\140\047\137\256\122\006\145\271\172\013}{subsection.2.6}% 33
\BOOKMARK [2][-]{subsection.2.7}{\376\377\135\356\122\006\145\271\172\013}{section.2}% 34
\BOOKMARK [3][-]{subsubsection.2.7.1}{\376\377\116\000\226\066\136\070\174\373\145\160\176\277\140\047\135\356\122\006\145\271\172\013}{subsection.2.7}% 35
\BOOKMARK [3][-]{subsubsection.2.7.2}{\376\377\237\120\153\041\135\356\122\006\145\271\172\013\166\204\220\032\211\343}{subsection.2.7}% 36
\BOOKMARK [3][-]{subsubsection.2.7.3}{\376\377\227\136\237\120\153\041\135\356\122\006\145\271\172\013\166\204\220\032\211\343}{subsection.2.7}% 37
\BOOKMARK [2][-]{subsection.2.8}{\376\377\176\247\145\160}{section.2}% 38
\BOOKMARK [3][-]{subsubsection.2.8.1}{\376\377\136\070\145\160\230\171\176\247\145\160}{subsection.2.8}% 39
\BOOKMARK [3][-]{subsubsection.2.8.2}{\376\377\121\375\145\160\230\171\176\247\145\160}{subsection.2.8}% 40
\BOOKMARK [3][-]{subsubsection.2.8.3}{\376\377\154\102\136\102\176\247\145\160\166\204\124\214\121\375\145\160}{subsection.2.8}% 41
\BOOKMARK [1][-]{section.3}{\376\377\176\277\140\047\116\343\145\160}{}% 42
\BOOKMARK [2][-]{subsection.3.1}{\376\377\210\114\122\027\137\017}{section.3}% 43
\BOOKMARK [2][-]{subsection.3.2}{\376\377\167\351\226\065}{section.3}% 44
\BOOKMARK [3][-]{subsubsection.3.2.1}{\376\377\167\351\226\065\166\204\220\006}{subsection.3.2}% 45
\BOOKMARK [3][-]{subsubsection.3.2.2}{\376\377\122\006\127\127\167\351\226\065}{subsection.3.2}% 46
\BOOKMARK [3][-]{subsubsection.3.2.3}{\376\377\167\351\226\065\166\204\171\351}{subsection.3.2}% 47
\BOOKMARK [3][-]{subsubsection.3.2.4}{\376\377\166\370\117\074\167\351\226\065\060\001\124\010\124\014\167\351\226\065\060\001\153\143\116\244\167\351\226\065}{subsection.3.2}% 48
\BOOKMARK [2][-]{subsection.3.3}{\376\377\124\021\221\317}{section.3}% 49
\BOOKMARK [3][-]{subsubsection.3.3.1}{\376\377\124\021\221\317\166\204\176\277\140\047\210\150\171\072}{subsection.3.3}% 50
\BOOKMARK [3][-]{subsubsection.3.3.2}{\376\377\176\277\140\047\166\370\121\163\116\016\176\277\140\047\145\340\121\163}{subsection.3.3}% 51
\BOOKMARK [3][-]{subsubsection.3.3.3}{\376\377\124\021\221\317\176\304\166\204\171\351}{subsection.3.3}% 52
\BOOKMARK [3][-]{subsubsection.3.3.4}{\376\377\000S\000c\000h\000i\000m\000i\000d\000t\153\143\116\244\123\026}{subsection.3.3}% 53
\BOOKMARK [2][-]{subsection.3.4}{\376\377\176\277\140\047\145\271\172\013\176\304}{section.3}% 54
\BOOKMARK [3][-]{subsubsection.3.4.1}{\376\377\176\277\140\047\145\271\172\013\176\304\211\343\166\204\133\130\127\050\140\047}{subsection.3.4}% 55
\BOOKMARK [3][-]{subsubsection.3.4.2}{\376\377\176\277\140\047\145\271\172\013\176\304\211\343\166\204\176\323\147\204}{subsection.3.4}% 56
\BOOKMARK [2][-]{subsection.3.5}{\376\377\167\351\226\065\166\204\162\171\137\201\120\074\124\214\162\171\137\201\124\021\221\317}{section.3}% 57
\BOOKMARK [3][-]{subsubsection.3.5.1}{\376\377\167\351\226\065\166\204\133\371\211\322\123\026}{subsection.3.5}% 58
\BOOKMARK [2][-]{subsection.3.6}{\376\377\116\214\153\041\127\213}{section.3}% 59
\BOOKMARK [3][-]{subsubsection.3.6.1}{\376\377\123\026\116\214\153\041\127\213\116\072\150\007\121\306\127\213}{subsection.3.6}% 60
\BOOKMARK [3][-]{subsubsection.3.6.2}{\376\377\153\143\133\232\116\214\153\041\127\213}{subsection.3.6}% 61
\BOOKMARK [1][-]{section.4}{\376\377\151\202\163\207\213\272\116\016\145\160\164\006\176\337\213\241}{}% 62
\BOOKMARK [2][-]{subsection.4.1}{\376\377\226\217\147\072\116\213\116\366\123\312\121\166\151\202\163\207}{section.4}% 63
\BOOKMARK [3][-]{subsubsection.4.1.1}{\376\377\116\213\116\366\225\364\166\204\121\163\174\373}{subsection.4.1}% 64
\BOOKMARK [3][-]{subsubsection.4.1.2}{\376\377\116\213\116\366\166\204\217\320\173\227\137\213}{subsection.4.1}% 65
\BOOKMARK [3][-]{subsubsection.4.1.3}{\376\377\226\217\147\072\116\213\116\366\166\204\151\202\163\207\121\154\137\017}{subsection.4.1}% 66
\BOOKMARK [2][-]{subsection.4.2}{\376\377\136\070\211\301\166\204\121\340\171\315\122\006\136\003}{section.4}% 67
\BOOKMARK [3][-]{subsubsection.4.2.1}{\376\377\116\000\176\364\171\273\145\143\127\213\226\217\147\072\123\330\221\317}{subsection.4.2}% 68
\BOOKMARK [3][-]{subsubsection.4.2.2}{\376\377\116\000\176\364\217\336\176\355\127\213\226\217\147\072\123\330\221\317}{subsection.4.2}% 69
\BOOKMARK [3][-]{subsubsection.4.2.3}{\376\377\116\214\176\364\226\217\147\072\123\330\221\317}{subsection.4.2}% 70
\BOOKMARK [3][-]{subsubsection.4.2.4}{\376\377\116\214\176\364\226\217\147\072\123\330\221\317\121\375\145\160\166\204\122\006\136\003}{subsection.4.2}% 71
\BOOKMARK [3][-]{subsubsection.4.2.5}{\376\377\147\201\120\074\122\006\136\003}{subsection.4.2}% 72
\BOOKMARK [2][-]{subsection.4.3}{\376\377\226\217\147\072\123\330\221\317\166\204\145\160\133\127\162\171\137\201}{section.4}% 73
\BOOKMARK [3][-]{subsubsection.4.3.1}{\376\377\171\273\145\143\127\213\226\217\147\072\123\330\221\317\166\204\145\160\133\127\162\171\137\201}{subsection.4.3}% 74
\BOOKMARK [3][-]{subsubsection.4.3.2}{\376\377\217\336\176\355\127\213\226\217\147\072\123\330\221\317\166\204\145\160\133\127\162\171\137\201}{subsection.4.3}% 75
\BOOKMARK [3][-]{subsubsection.4.3.3}{\376\377\226\217\147\072\123\330\221\317\145\160\133\127\162\171\137\201\166\204\200\124\174\373}{subsection.4.3}% 76
\BOOKMARK [2][-]{subsection.4.4}{\376\377\131\047\145\160\133\232\137\213\124\214\116\055\137\303\147\201\226\120\133\232\164\006}{section.4}% 77
\BOOKMARK [2][-]{subsection.4.5}{\376\377\176\337\213\241\117\060\213\241\145\271\154\325}{section.4}% 78
\BOOKMARK [3][-]{subsubsection.4.5.1}{\376\377\140\073\117\123}{subsection.4.5}% 79
\BOOKMARK [3][-]{subsubsection.4.5.2}{\376\377\150\067\147\054}{subsection.4.5}% 80
\BOOKMARK [3][-]{subsubsection.4.5.3}{\376\377\142\275\150\067\122\006\136\003}{subsection.4.5}% 81
\BOOKMARK [3][-]{subsubsection.4.5.4}{\376\377\123\302\145\160\117\060\213\241}{subsection.4.5}% 82
\BOOKMARK [3][-]{subsubsection.4.5.5}{\376\377\123\072\225\364\117\060\213\241}{subsection.4.5}% 83
\BOOKMARK [3][-]{subsubsection.4.5.6}{\376\377\120\107\213\276\150\300\232\214}{subsection.4.5}% 84
\BOOKMARK [1][-]{section.5}{\376\377\226\104\137\125}{}% 85
